#-----------------------------------------------------------
# Vivado v2018.2 (64-bit)
# SW Build 2258646 on Thu Jun 14 20:03:12 MDT 2018
# IP Build 2256618 on Thu Jun 14 22:10:49 MDT 2018
# Start of session at: Thu May 30 13:52:06 2019
# Process ID: 1484
# Current directory: F:/COD/lab5/MUL_MIPS_CPU
# Command line: vivado.exe -gui_launcher_event rodinguilauncherevent6820 F:\COD\lab5\MUL_MIPS_CPU\MUL_MIPS_CPU.xpr
# Log file: F:/COD/lab5/MUL_MIPS_CPU/vivado.log
# Journal file: F:/COD/lab5/MUL_MIPS_CPU\vivado.jou
#-----------------------------------------------------------
start_gui
open_project F:/COD/lab5/MUL_MIPS_CPU/MUL_MIPS_CPU.xpr
Scanning sources...
Finished scanning sources
INFO: [IP_Flow 19-234] Refreshing IP repositories
INFO: [IP_Flow 19-1704] No user IP repositories specified
INFO: [IP_Flow 19-2313] Loaded Vivado IP repository 'D:/Xilinx/Vivado/2018.2/data/ip'.
open_project: Time (s): cpu = 00:00:14 ; elapsed = 00:00:08 . Memory (MB): peak = 825.539 ; gain = 142.301
update_compile_order -fileset sources_1
launch_simulation
INFO: [Vivado 12-5698] Checking validity of IPs in the design for the 'XSim' simulator...
INFO: [Vivado 12-5682] Launching behavioral simulation in 'F:/COD/lab5/MUL_MIPS_CPU/MUL_MIPS_CPU.sim/sim_1/behav/xsim'
INFO: [Vivado 12-4795] Using compiled simulation libraries for IPs
INFO: [SIM-utils-51] Simulation object is 'sim_1'
INFO: [USF-XSim-7] Finding pre-compiled libraries...
INFO: [USF-XSim-11] File 'D:/Xilinx/Vivado/2018.2/data/xsim/xsim.ini' copied to run dir:'F:/COD/lab5/MUL_MIPS_CPU/MUL_MIPS_CPU.sim/sim_1/behav/xsim'
INFO: [SIM-utils-54] Inspecting design source files for 'ddu_sim' in fileset 'sim_1'...
INFO: [SIM-utils-43] Exported 'F:/COD/lab5/MUL_MIPS_CPU/MUL_MIPS_CPU.sim/sim_1/behav/xsim/dist_mem_gen_0.mif'
INFO: [SIM-utils-43] Exported 'F:/COD/lab5/MUL_MIPS_CPU/MUL_MIPS_CPU.sim/sim_1/behav/xsim/inst_rom.coe'
INFO: [USF-XSim-97] Finding global include files...
INFO: [USF-XSim-98] Fetching design files from 'sim_1'...
INFO: [USF-XSim-2] XSim::Compile design
INFO: [USF-XSim-61] Executing 'COMPILE and ANALYZE' step in 'F:/COD/lab5/MUL_MIPS_CPU/MUL_MIPS_CPU.sim/sim_1/behav/xsim'
"xvlog --incr --relax -prj ddu_sim_vlog.prj"
INFO: [VRFC 10-2263] Analyzing Verilog file "F:/COD/lab5/MUL_MIPS_CPU/MUL_MIPS_CPU.srcs/sources_1/ip/dist_mem_gen_0/sim/dist_mem_gen_0.v" into library xil_defaultlib
INFO: [VRFC 10-311] analyzing module dist_mem_gen_0
INFO: [VRFC 10-2263] Analyzing Verilog file "F:/COD/lab5/MUL_MIPS_CPU/MUL_MIPS_CPU.srcs/sources_1/new/ALU.v" into library xil_defaultlib
INFO: [VRFC 10-311] analyzing module ALU
INFO: [VRFC 10-2263] Analyzing Verilog file "F:/COD/lab5/MUL_MIPS_CPU/MUL_MIPS_CPU.srcs/sources_1/new/ALU_Operands.v" into library xil_defaultlib
INFO: [VRFC 10-311] analyzing module ALU_Operands
INFO: [VRFC 10-2263] Analyzing Verilog file "F:/COD/lab5/MUL_MIPS_CPU/MUL_MIPS_CPU.srcs/sources_1/new/ALU_control.v" into library xil_defaultlib
INFO: [VRFC 10-311] analyzing module ALU_control
INFO: [VRFC 10-2263] Analyzing Verilog file "F:/COD/lab5/MUL_MIPS_CPU/MUL_MIPS_CPU.srcs/sources_1/new/ALU_out.v" into library xil_defaultlib
INFO: [VRFC 10-311] analyzing module ALU_out
INFO: [VRFC 10-2263] Analyzing Verilog file "F:/COD/lab5/MUL_MIPS_CPU/MUL_MIPS_CPU.srcs/sources_1/new/DDU.v" into library xil_defaultlib
INFO: [VRFC 10-311] analyzing module DDU
INFO: [VRFC 10-2263] Analyzing Verilog file "F:/COD/lab5/MUL_MIPS_CPU/MUL_MIPS_CPU.srcs/sources_1/new/IRnMDR.v" into library xil_defaultlib
INFO: [VRFC 10-311] analyzing module IRnMDR
INFO: [VRFC 10-2263] Analyzing Verilog file "F:/COD/lab5/MUL_MIPS_CPU/MUL_MIPS_CPU.srcs/sources_1/new/MEM.v" into library xil_defaultlib
INFO: [VRFC 10-311] analyzing module MEM
INFO: [VRFC 10-2263] Analyzing Verilog file "F:/COD/lab5/MUL_MIPS_CPU/MUL_MIPS_CPU.srcs/sources_1/new/PC.v" into library xil_defaultlib
INFO: [VRFC 10-311] analyzing module next_PC
INFO: [VRFC 10-2263] Analyzing Verilog file "F:/COD/lab5/MUL_MIPS_CPU/MUL_MIPS_CPU.srcs/sources_1/new/PC1.v" into library xil_defaultlib
INFO: [VRFC 10-311] analyzing module PC1
INFO: [VRFC 10-2263] Analyzing Verilog file "F:/COD/lab5/MUL_MIPS_CPU/MUL_MIPS_CPU.srcs/sources_1/new/RF.v" into library xil_defaultlib
INFO: [VRFC 10-311] analyzing module RF
INFO: [VRFC 10-2263] Analyzing Verilog file "F:/COD/lab5/MUL_MIPS_CPU/MUL_MIPS_CPU.srcs/sources_1/new/RFout_AB.v" into library xil_defaultlib
INFO: [VRFC 10-311] analyzing module RFout_AB
INFO: [VRFC 10-2263] Analyzing Verilog file "F:/COD/lab5/MUL_MIPS_CPU/MUL_MIPS_CPU.srcs/sources_1/new/con_IR_RF.v" into library xil_defaultlib
INFO: [VRFC 10-311] analyzing module con_IR_RF
INFO: [VRFC 10-2263] Analyzing Verilog file "F:/COD/lab5/MUL_MIPS_CPU/MUL_MIPS_CPU.srcs/sources_1/new/control_unit.v" into library xil_defaultlib
INFO: [VRFC 10-311] analyzing module control_unit
INFO: [VRFC 10-2263] Analyzing Verilog file "F:/COD/lab5/MUL_MIPS_CPU/MUL_MIPS_CPU.srcs/sources_1/new/cpu.v" into library xil_defaultlib
INFO: [VRFC 10-311] analyzing module cpu
INFO: [VRFC 10-2263] Analyzing Verilog file "F:/COD/lab5/MUL_MIPS_CPU/MUL_MIPS_CPU.srcs/sources_1/new/seg.v" into library xil_defaultlib
INFO: [VRFC 10-311] analyzing module seg
INFO: [VRFC 10-2263] Analyzing Verilog file "F:/COD/lab5/MUL_MIPS_CPU/MUL_MIPS_CPU.srcs/sim_1/new/ddu_sim.v" into library xil_defaultlib
INFO: [VRFC 10-311] analyzing module ddu_sim
INFO: [USF-XSim-69] 'compile' step finished in '2' seconds
INFO: [USF-XSim-3] XSim::Elaborate design
INFO: [USF-XSim-61] Executing 'ELABORATE' step in 'F:/COD/lab5/MUL_MIPS_CPU/MUL_MIPS_CPU.sim/sim_1/behav/xsim'
Vivado Simulator 2018.2
Copyright 1986-1999, 2001-2018 Xilinx, Inc. All Rights Reserved.
Running: D:/Xilinx/Vivado/2018.2/bin/unwrapped/win64.o/xelab.exe -wto ec90331b1a4f487e8989cb5a9ab326b8 --incr --debug typical --relax --mt 2 -L dist_mem_gen_v8_0_12 -L xil_defaultlib -L unisims_ver -L unimacro_ver -L secureip -L xpm --snapshot ddu_sim_behav xil_defaultlib.ddu_sim xil_defaultlib.glbl -log elaborate.log 
Using 2 slave threads.
WARNING: [XSIM 43-3431] One or more environment variables have been detected which affect the operation of the C compiler. These are typically not set in standard installations and are not tested by Xilinx, however they may be appropriate for your system, so the flow will attempt to continue.  If errors occur, try running xelab with the "-mt off -v 1" switches to see more information from the C compiler. The following environment variables have been detected:
    LIBRARY_PATH
Starting static elaboration
Completed static elaboration
Starting simulation data flow analysis
Completed simulation data flow analysis
Time Resolution for simulation is 1ps
Compiling module xil_defaultlib.seg
Compiling module xil_defaultlib.control_unit
Compiling module xil_defaultlib.next_PC
Compiling module xil_defaultlib.PC1
Compiling module xil_defaultlib.MEM
Compiling module dist_mem_gen_v8_0_12.dist_mem_gen_v8_0_12(C_FAMILY="a...
Compiling module xil_defaultlib.dist_mem_gen_0
Compiling module xil_defaultlib.IRnMDR
Compiling module xil_defaultlib.con_IR_RF
Compiling module xil_defaultlib.RF
Compiling module xil_defaultlib.RFout_AB
Compiling module xil_defaultlib.ALU_control
Compiling module xil_defaultlib.ALU_Operands
Compiling module xil_defaultlib.ALU
Compiling module xil_defaultlib.ALU_out
Compiling module xil_defaultlib.cpu
Compiling module xil_defaultlib.DDU
Compiling module xil_defaultlib.ddu_sim
Compiling module xil_defaultlib.glbl
Built simulation snapshot ddu_sim_behav

****** Webtalk v2018.2 (64-bit)
  **** SW Build 2258646 on Thu Jun 14 20:03:12 MDT 2018
  **** IP Build 2256618 on Thu Jun 14 22:10:49 MDT 2018
    ** Copyright 1986-2018 Xilinx, Inc. All Rights Reserved.

source F:/COD/lab5/MUL_MIPS_CPU/MUL_MIPS_CPU.sim/sim_1/behav/xsim/xsim.dir/ddu_sim_behav/webtalk/xsim_webtalk.tcl -notrace
INFO: [Common 17-186] 'F:/COD/lab5/MUL_MIPS_CPU/MUL_MIPS_CPU.sim/sim_1/behav/xsim/xsim.dir/ddu_sim_behav/webtalk/usage_statistics_ext_xsim.xml' has been successfully sent to Xilinx on Thu May 30 13:52:43 2019. For additional details about this file, please refer to the WebTalk help file at D:/Xilinx/Vivado/2018.2/doc/webtalk_introduction.html.
webtalk_transmit: Time (s): cpu = 00:00:00 ; elapsed = 00:00:06 . Memory (MB): peak = 55.824 ; gain = 1.027
INFO: [Common 17-206] Exiting Webtalk at Thu May 30 13:52:43 2019...
run_program: Time (s): cpu = 00:00:03 ; elapsed = 00:00:11 . Memory (MB): peak = 832.523 ; gain = 4.379
INFO: [USF-XSim-69] 'elaborate' step finished in '11' seconds
INFO: [USF-XSim-4] XSim::Simulate design
INFO: [USF-XSim-61] Executing 'SIMULATE' step in 'F:/COD/lab5/MUL_MIPS_CPU/MUL_MIPS_CPU.sim/sim_1/behav/xsim'
INFO: [USF-XSim-98] *** Running xsim
   with args "ddu_sim_behav -key {Behavioral:sim_1:Functional:ddu_sim} -tclbatch {ddu_sim.tcl} -log {simulate.log}"
INFO: [USF-XSim-8] Loading simulator feature
Vivado Simulator 2018.2
Time resolution is 1 ps
source ddu_sim.tcl
# set curr_wave [current_wave_config]
# if { [string length $curr_wave] == 0 } {
#   if { [llength [get_objects]] > 0} {
#     add_wave /
#     set_property needs_save false [current_wave_config]
#   } else {
#      send_msg_id Add_Wave-1 WARNING "No top level signals found. Simulator will start without a wave window. If you want to open a wave window go to 'File->New Waveform Configuration' or type 'create_wave_config' in the TCL console."
#   }
# }
# run 1000ns
WARNING: This core is supplied with a behavioral model. To model cycle-accurate behavior you must run timing simulation.
INFO: [USF-XSim-96] XSim completed. Design snapshot 'ddu_sim_behav' loaded.
INFO: [USF-XSim-97] XSim simulation ran for 1000ns
launch_simulation: Time (s): cpu = 00:00:12 ; elapsed = 00:00:17 . Memory (MB): peak = 847.805 ; gain = 22.266
current_wave_config {Untitled 1}
Untitled 1
add_wave {{/ddu_sim/ddu_dut/cpu_dut/Instruction}} 
current_wave_config {Untitled 1}
Untitled 1
add_wave {{/ddu_sim/ddu_dut/cpu_dut/PC}} 
restart
INFO: [Simtcl 6-17] Simulation restarted
run 500 ns
WARNING: This core is supplied with a behavioral model. To model cycle-accurate behavior you must run timing simulation.
run 500 ns
run 500 ns
run 500 ns
run 500 ns
run 500 ns
run 500 ns
run 500 ns
run 500 ns
run 500 ns
run 500 ns
run 500 ns
run 500 ns
run 500 ns
run 500 ns
run 500 ns
run 500 ns
run 500 ns
run 500 ns
run 500 ns
run 500 ns
run 500 ns
run 500 ns
run 500 ns
run 500 ns
run 500 ns
run 500 ns
run 5 us
run 5 us
run 5 us
run 5 us
run 5 us
current_wave_config {Untitled 1}
Untitled 1
add_wave {{/ddu_sim/ddu_dut/cpu_dut/cu/current_state}} 
restart
INFO: [Simtcl 6-17] Simulation restarted
run 38 us
WARNING: This core is supplied with a behavioral model. To model cycle-accurate behavior you must run timing simulation.
close_sim
INFO: [Simtcl 6-16] Simulation closed
close_sim: Time (s): cpu = 00:00:01 ; elapsed = 00:00:07 . Memory (MB): peak = 877.828 ; gain = 0.000
exit
INFO: [Common 17-206] Exiting Vivado at Thu May 30 14:06:08 2019...
