#-----------------------------------------------------------
# Vivado v2018.2 (64-bit)
# SW Build 2258646 on Thu Jun 14 20:03:12 MDT 2018
# IP Build 2256618 on Thu Jun 14 22:10:49 MDT 2018
# Start of session at: Fri May 24 19:41:28 2019
# Process ID: 5552
# Current directory: F:/COD/lab5/MUL_MIPS_CPU
# Command line: vivado.exe -gui_launcher_event rodinguilauncherevent6368 F:\COD\lab5\MUL_MIPS_CPU\MUL_MIPS_CPU.xpr
# Log file: F:/COD/lab5/MUL_MIPS_CPU/vivado.log
# Journal file: F:/COD/lab5/MUL_MIPS_CPU\vivado.jou
#-----------------------------------------------------------
start_gui
open_project F:/COD/lab5/MUL_MIPS_CPU/MUL_MIPS_CPU.xpr
Scanning sources...
Finished scanning sources
INFO: [IP_Flow 19-234] Refreshing IP repositories
INFO: [IP_Flow 19-1704] No user IP repositories specified
INFO: [IP_Flow 19-2313] Loaded Vivado IP repository 'D:/Xilinx/Vivado/2018.2/data/ip'.
open_project: Time (s): cpu = 00:00:16 ; elapsed = 00:00:18 . Memory (MB): peak = 753.262 ; gain = 97.309
update_compile_order -fileset sources_1
WARNING: [Common 17-9] Error reading message records.
open_hw
exit
INFO: [Common 17-206] Exiting Vivado at Fri May 24 21:06:39 2019...
