#-----------------------------------------------------------
# Vivado v2018.2 (64-bit)
# SW Build 2258646 on Thu Jun 14 20:03:12 MDT 2018
# IP Build 2256618 on Thu Jun 14 22:10:49 MDT 2018
# Start of session at: Thu Apr 18 20:31:40 2019
# Process ID: 13196
# Current directory: F:/COD/lab3/RF
# Command line: vivado.exe -gui_launcher_event rodinguilauncherevent11532 F:\COD\lab3\RF\RF.xpr
# Log file: F:/COD/lab3/RF/vivado.log
# Journal file: F:/COD/lab3/RF\vivado.jou
#-----------------------------------------------------------
start_gui
open_project F:/COD/lab3/RF/RF.xpr
Scanning sources...
Finished scanning sources
INFO: [IP_Flow 19-234] Refreshing IP repositories
INFO: [IP_Flow 19-1704] No user IP repositories specified
INFO: [IP_Flow 19-2313] Loaded Vivado IP repository 'D:/Xilinx/Vivado/2018.2/data/ip'.
open_project: Time (s): cpu = 00:00:13 ; elapsed = 00:00:16 . Memory (MB): peak = 779.441 ; gain = 89.586
update_compile_order -fileset sources_1
exit
INFO: [Common 17-206] Exiting Vivado at Thu Apr 18 20:35:17 2019...
