Copyright 1986-2018 Xilinx, Inc. All Rights Reserved.
------------------------------------------------------------------------------------
| Tool Version : Vivado v.2018.2 (win64) Build 2258646 Thu Jun 14 20:03:12 MDT 2018
| Date         : Tue Apr  2 16:20:02 2019
| Host         : MSI running 64-bit major release  (build 9200)
| Command      : report_control_sets -verbose -file RST_control_sets_placed.rpt
| Design       : RST
| Device       : xc7a100t
------------------------------------------------------------------------------------

Control Set Information

Table of Contents
-----------------
1. Summary
2. Histogram
3. Flip-Flop Distribution
4. Detailed Control Set Information

1. Summary
----------

+----------------------------------------------------------+-------+
|                          Status                          | Count |
+----------------------------------------------------------+-------+
| Number of unique control sets                            |    50 |
| Unused register locations in slices containing registers |   292 |
+----------------------------------------------------------+-------+


2. Histogram
------------

+--------+--------------+
| Fanout | Control Sets |
+--------+--------------+
|      2 |           48 |
|      6 |            2 |
+--------+--------------+


3. Flip-Flop Distribution
-------------------------

+--------------+-----------------------+------------------------+-----------------+--------------+
| Clock Enable | Synchronous Set/Reset | Asynchronous Set/Reset | Total Registers | Total Slices |
+--------------+-----------------------+------------------------+-----------------+--------------+
| No           | No                    | No                     |               6 |            1 |
| No           | No                    | Yes                    |              38 |           17 |
| No           | Yes                   | No                     |              32 |           16 |
| Yes          | No                    | No                     |               0 |            0 |
| Yes          | No                    | Yes                    |              32 |           16 |
| Yes          | Yes                   | No                     |               0 |            0 |
+--------------+-----------------------+------------------------+-----------------+--------------+


4. Detailed Control Set Information
-----------------------------------

+-------------------------------------------+-----------------+-----------------------+------------------+----------------+
|                Clock Signal               |  Enable Signal  |    Set/Reset Signal   | Slice Load Count | Bel Load Count |
+-------------------------------------------+-----------------+-----------------------+------------------+----------------+
|  clk_IBUF_BUFG                            |                 | s1_reg[1]_LDC_i_2_n_0 |                1 |              2 |
|  s0_reg[3]_LDC_i_1_n_0                    |                 | s0_reg[3]_LDC_i_2_n_0 |                1 |              2 |
|  s0_reg[2]_LDC_i_1_n_0                    |                 | s0_reg[2]_LDC_i_2_n_0 |                1 |              2 |
|  s1_reg[0]_LDC_i_1_n_0                    |                 | s1_reg[0]_LDC_i_2_n_0 |                1 |              2 |
|  s1_reg[1]_LDC_i_1_n_0                    |                 | s1_reg[1]_LDC_i_2_n_0 |                1 |              2 |
|  s0_reg[0]_LDC_i_1_n_0                    |                 | s0_reg[0]_LDC_i_2_n_0 |                1 |              2 |
|  clk_IBUF_BUFG                            |                 | s0_reg[2]_LDC_i_2_n_0 |                1 |              2 |
|  clk_IBUF_BUFG                            |                 | s0_reg[0]_LDC_i_2_n_0 |                1 |              2 |
|  s3_reg[3]_LDC_i_1_n_0                    |                 | s3_reg[3]_LDC_i_2_n_0 |                1 |              2 |
|  clk_IBUF_BUFG                            |                 | s0_reg[1]_LDC_i_2_n_0 |                1 |              2 |
|  clk_IBUF_BUFG                            |                 | s1_reg[0]_LDC_i_2_n_0 |                1 |              2 |
|  clk_IBUF_BUFG                            |                 | s0_reg[3]_LDC_i_2_n_0 |                1 |              2 |
|  s3_reg[1]_LDC_i_1_n_0                    |                 | s3_reg[1]_LDC_i_2_n_0 |                1 |              2 |
|  clk_IBUF_BUFG                            |                 | s2_reg[0]_LDC_i_2_n_0 |                1 |              2 |
|  clk_IBUF_BUFG                            |                 | s2_reg[2]_LDC_i_2_n_0 |                1 |              2 |
|  clk_IBUF_BUFG                            |                 | s2_reg[1]_LDC_i_2_n_0 |                1 |              2 |
|  clk_IBUF_BUFG                            |                 | s2_reg[3]_LDC_i_2_n_0 |                1 |              2 |
|  clk_IBUF_BUFG                            |                 | s3_reg[0]_LDC_i_2_n_0 |                1 |              2 |
|  clk_IBUF_BUFG                            |                 | s1_reg[2]_LDC_i_2_n_0 |                1 |              2 |
|  clk_IBUF_BUFG                            |                 | s1_reg[3]_LDC_i_2_n_0 |                1 |              2 |
|  clk_IBUF_BUFG                            |                 | s3_reg[3]_LDC_i_2_n_0 |                1 |              2 |
|  clk_IBUF_BUFG                            |                 | s3_reg[1]_LDC_i_2_n_0 |                1 |              2 |
|  clk_IBUF_BUFG                            |                 | s3_reg[2]_LDC_i_2_n_0 |                1 |              2 |
|  clk_IBUF_BUFG                            | s0[3]_P_i_1_n_0 | s0_reg[3]_LDC_i_1_n_0 |                1 |              2 |
|  clk_IBUF_BUFG                            | s0[3]_P_i_1_n_0 | s0_reg[2]_LDC_i_1_n_0 |                1 |              2 |
|  clk_IBUF_BUFG                            | s0[3]_P_i_1_n_0 | s0_reg[0]_LDC_i_1_n_0 |                1 |              2 |
|  clk_IBUF_BUFG                            | s0[3]_P_i_1_n_0 | s0_reg[1]_LDC_i_1_n_0 |                1 |              2 |
|  clk_IBUF_BUFG                            | s1[3]_P_i_1_n_0 | s1_reg[0]_LDC_i_1_n_0 |                1 |              2 |
|  clk_IBUF_BUFG                            | s1[3]_P_i_1_n_0 | s1_reg[1]_LDC_i_1_n_0 |                1 |              2 |
|  clk_IBUF_BUFG                            | s1[3]_P_i_1_n_0 | s1_reg[3]_LDC_i_1_n_0 |                1 |              2 |
|  clk_IBUF_BUFG                            | s1[3]_P_i_1_n_0 | s1_reg[2]_LDC_i_1_n_0 |                1 |              2 |
|  clk_IBUF_BUFG                            | s2[3]_P_i_1_n_0 | s2_reg[1]_LDC_i_1_n_0 |                1 |              2 |
|  clk_IBUF_BUFG                            | s2[3]_P_i_1_n_0 | s2_reg[2]_LDC_i_1_n_0 |                1 |              2 |
|  clk_IBUF_BUFG                            | s2[3]_P_i_1_n_0 | s2_reg[3]_LDC_i_1_n_0 |                1 |              2 |
|  clk_IBUF_BUFG                            | s2[3]_P_i_1_n_0 | s2_reg[0]_LDC_i_1_n_0 |                1 |              2 |
|  clk_IBUF_BUFG                            | s3[3]_P_i_1_n_0 | s3_reg[0]_LDC_i_1_n_0 |                1 |              2 |
|  clk_IBUF_BUFG                            | s3[3]_P_i_1_n_0 | s3_reg[2]_LDC_i_1_n_0 |                1 |              2 |
|  clk_IBUF_BUFG                            | s3[3]_P_i_1_n_0 | s3_reg[3]_LDC_i_1_n_0 |                1 |              2 |
|  clk_IBUF_BUFG                            | s3[3]_P_i_1_n_0 | s3_reg[1]_LDC_i_1_n_0 |                1 |              2 |
|  s0_reg[1]_LDC_i_1_n_0                    |                 | s0_reg[1]_LDC_i_2_n_0 |                1 |              2 |
|  s2_reg[1]_LDC_i_1_n_0                    |                 | s2_reg[1]_LDC_i_2_n_0 |                1 |              2 |
|  s2_reg[2]_LDC_i_1_n_0                    |                 | s2_reg[2]_LDC_i_2_n_0 |                1 |              2 |
|  s1_reg[3]_LDC_i_1_n_0                    |                 | s1_reg[3]_LDC_i_2_n_0 |                1 |              2 |
|  s2_reg[3]_LDC_i_1_n_0                    |                 | s2_reg[3]_LDC_i_2_n_0 |                1 |              2 |
|  s1_reg[2]_LDC_i_1_n_0                    |                 | s1_reg[2]_LDC_i_2_n_0 |                1 |              2 |
|  s3_reg[0]_LDC_i_1_n_0                    |                 | s3_reg[0]_LDC_i_2_n_0 |                1 |              2 |
|  s2_reg[0]_LDC_i_1_n_0                    |                 | s2_reg[0]_LDC_i_2_n_0 |                1 |              2 |
|  s3_reg[2]_LDC_i_1_n_0                    |                 | s3_reg[2]_LDC_i_2_n_0 |                1 |              2 |
|  clk_IBUF_BUFG                            |                 | rst_IBUF              |                1 |              6 |
|  FSM_sequential_next_state_reg[2]_i_2_n_0 |                 |                       |                1 |              6 |
+-------------------------------------------+-----------------+-----------------------+------------------+----------------+


