#-----------------------------------------------------------
# Vivado v2018.2 (64-bit)
# SW Build 2258646 on Thu Jun 14 20:03:12 MDT 2018
# IP Build 2256618 on Thu Jun 14 22:10:49 MDT 2018
# Start of session at: Mon Apr 22 18:44:46 2019
# Process ID: 2212
# Current directory: E:/1Freeeee/msfiles/disp
# Command line: vivado.exe -gui_launcher_event rodinguilauncherevent10876 E:\1Freeeee\msfiles\disp\disp.xpr
# Log file: E:/1Freeeee/msfiles/disp/vivado.log
# Journal file: E:/1Freeeee/msfiles/disp\vivado.jou
#-----------------------------------------------------------
start_gui
open_project E:/1Freeeee/msfiles/disp/disp.xpr
Scanning sources...
Finished scanning sources
INFO: [IP_Flow 19-234] Refreshing IP repositories
INFO: [IP_Flow 19-1704] No user IP repositories specified
INFO: [IP_Flow 19-2313] Loaded Vivado IP repository 'D:/Xilinx/Vivado/2018.2/data/ip'.
open_project: Time (s): cpu = 00:00:16 ; elapsed = 00:00:10 . Memory (MB): peak = 784.863 ; gain = 85.684
update_compile_order -fileset sources_1
exit
INFO: [Common 17-206] Exiting Vivado at Mon Apr 22 18:47:25 2019...
