#-----------------------------------------------------------
# Vivado v2018.2 (64-bit)
# SW Build 2258646 on Thu Jun 14 20:03:12 MDT 2018
# IP Build 2256618 on Thu Jun 14 22:10:49 MDT 2018
# Start of session at: Fri Dec 21 16:02:37 2018
# Process ID: 14012
# Current directory: E:/1Freeeee/msfiles/disp
# Command line: vivado.exe -gui_launcher_event rodinguilauncherevent10932 E:\1Freeeee\msfiles\disp\disp.xpr
# Log file: E:/1Freeeee/msfiles/disp/vivado.log
# Journal file: E:/1Freeeee/msfiles/disp\vivado.jou
#-----------------------------------------------------------
start_gui
open_project E:/1Freeeee/msfiles/disp/disp.xpr
Scanning sources...
Finished scanning sources
INFO: [IP_Flow 19-234] Refreshing IP repositories
INFO: [IP_Flow 19-1704] No user IP repositories specified
INFO: [IP_Flow 19-2313] Loaded Vivado IP repository 'D:/Xilinx/Vivado/2018.2/data/ip'.
open_project: Time (s): cpu = 00:00:14 ; elapsed = 00:00:07 . Memory (MB): peak = 853.191 ; gain = 138.633
update_compile_order -fileset sources_1
archive_project E:/1Freeeee/msfiles/lab11_PB17111623.xpr.zip -temp_dir E:/1Freeeee/msfiles/disp/.Xil/Vivado-14012-MSI -force -include_local_ip_cache
INFO: [Coretcl 2-137] starting archive...
INFO: [Coretcl 2-1499] Saving project copy to temporary location 'E:/1Freeeee/msfiles/disp/.Xil/Vivado-14012-MSI' for archiving project
Scanning sources...
Finished scanning sources
INFO: [IP_Flow 19-234] Refreshing IP repositories
INFO: [IP_Flow 19-1704] No user IP repositories specified
INFO: [IP_Flow 19-2313] Loaded Vivado IP repository 'D:/Xilinx/Vivado/2018.2/data/ip'.
INFO: [Coretcl 2-1211] Creating project copy for archival...
INFO: [Coretcl 2-1213] Including run results for 'synth_1'
INFO: [Coretcl 2-1213] Including run results for 'clk_wiz_0_synth_1'
INFO: [Coretcl 2-1213] Including run results for 'clk_wiz_1_synth_1'
INFO: [Coretcl 2-1213] Including run results for 'c_counter_binary_0_synth_1'
INFO: [Coretcl 2-1213] Including run results for 'impl_1'
INFO: [Coretcl 2-133] re-setting run 'clk_wiz_0_impl_1'...
INFO: [Coretcl 2-133] re-setting run 'clk_wiz_1_impl_1'...
INFO: [Coretcl 2-133] re-setting run 'c_counter_binary_0_impl_1'...
INFO: [Coretcl 2-1209] Adding archive summary file to the project...
INFO: [Coretcl 2-1214] Preparing project files for archive...
INFO: [Coretcl 2-1210] Compressing project files and data...
INFO: [Coretcl 2-1215] Project archived (E:/1Freeeee/msfiles/lab11_PB17111623.xpr.zip)
INFO: [Coretcl 2-1216] To view the archive summary log in GUI, double click on 'Design Sources->Text->archive_project_summary.txt', or open this file from the archived project directory.
archive_project: Time (s): cpu = 00:00:06 ; elapsed = 00:00:14 . Memory (MB): peak = 896.082 ; gain = 8.328
exit
INFO: [Common 17-206] Exiting Vivado at Fri Dec 21 16:07:28 2018...
