#-----------------------------------------------------------
# Vivado v2018.2 (64-bit)
# SW Build 2258646 on Thu Jun 14 20:03:12 MDT 2018
# IP Build 2256618 on Thu Jun 14 22:10:49 MDT 2018
# Start of session at: Fri Apr 26 19:11:16 2019
# Process ID: 5032
# Current directory: F:/COD/lab4/disp
# Command line: vivado.exe -gui_launcher_event rodinguilauncherevent840 F:\COD\lab4\disp\disp.xpr
# Log file: F:/COD/lab4/disp/vivado.log
# Journal file: F:/COD/lab4/disp\vivado.jou
#-----------------------------------------------------------
start_gui
open_project F:/COD/lab4/disp/disp.xpr
Scanning sources...
Finished scanning sources
INFO: [IP_Flow 19-234] Refreshing IP repositories
INFO: [IP_Flow 19-1704] No user IP repositories specified
INFO: [IP_Flow 19-2313] Loaded Vivado IP repository 'D:/Xilinx/Vivado/2018.2/data/ip'.
open_project: Time (s): cpu = 00:00:15 ; elapsed = 00:00:20 . Memory (MB): peak = 797.020 ; gain = 108.879
update_compile_order -fileset sources_1
exit
INFO: [Common 17-206] Exiting Vivado at Fri Apr 26 20:58:49 2019...
