
*** Running vivado
    with args -log FIB.vds -m64 -product Vivado -mode batch -messageDb vivado.pb -notrace -source FIB.tcl


****** Vivado v2018.2 (64-bit)
  **** SW Build 2258646 on Thu Jun 14 20:03:12 MDT 2018
  **** IP Build 2256618 on Thu Jun 14 22:10:49 MDT 2018
    ** Copyright 1986-2018 Xilinx, Inc. All Rights Reserved.

source FIB.tcl -notrace
Command: synth_design -top FIB -part xc7a100tcsg324-1
Starting synth_design
Attempting to get a license for feature 'Synthesis' and/or device 'xc7a100t'
INFO: [Common 17-349] Got license for feature 'Synthesis' and/or device 'xc7a100t'
INFO: Launching helper process for spawning children vivado processes
INFO: Helper process launched with PID 4332 
---------------------------------------------------------------------------------
Starting RTL Elaboration : Time (s): cpu = 00:00:02 ; elapsed = 00:00:03 . Memory (MB): peak = 357.570 ; gain = 99.215
---------------------------------------------------------------------------------
INFO: [Synth 8-6157] synthesizing module 'FIB' [F:/COD/lab1/lab3_c1/lab3_c1/lab3_c1.srcs/sources_1/new/FIB.v:23]
INFO: [Synth 8-6157] synthesizing module 'ALU' [F:/COD/lab1/lab3_c1/lab3_c1/lab3_c1.srcs/sources_1/new/ALU.v:21]
INFO: [Synth 8-155] case statement is not full and has no default [F:/COD/lab1/lab3_c1/lab3_c1/lab3_c1.srcs/sources_1/new/ALU.v:37]
INFO: [Synth 8-6155] done synthesizing module 'ALU' (1#1) [F:/COD/lab1/lab3_c1/lab3_c1/lab3_c1.srcs/sources_1/new/ALU.v:21]
WARNING: [Synth 8-5788] Register f1_old_reg in module FIB is has both Set and reset with same priority. This may cause simulation mismatches. Consider rewriting code  [F:/COD/lab1/lab3_c1/lab3_c1/lab3_c1.srcs/sources_1/new/FIB.v:45]
WARNING: [Synth 8-5788] Register f2_old_reg in module FIB is has both Set and reset with same priority. This may cause simulation mismatches. Consider rewriting code  [F:/COD/lab1/lab3_c1/lab3_c1/lab3_c1.srcs/sources_1/new/FIB.v:46]
INFO: [Synth 8-6155] done synthesizing module 'FIB' (2#1) [F:/COD/lab1/lab3_c1/lab3_c1/lab3_c1.srcs/sources_1/new/FIB.v:23]
---------------------------------------------------------------------------------
Finished RTL Elaboration : Time (s): cpu = 00:00:03 ; elapsed = 00:00:04 . Memory (MB): peak = 412.199 ; gain = 153.844
---------------------------------------------------------------------------------

Report Check Netlist: 
+------+------------------+-------+---------+-------+------------------+
|      |Item              |Errors |Warnings |Status |Description       |
+------+------------------+-------+---------+-------+------------------+
|1     |multi_driven_nets |      0|        0|Passed |Multi driven nets |
+------+------------------+-------+---------+-------+------------------+
---------------------------------------------------------------------------------
Start Handling Custom Attributes
---------------------------------------------------------------------------------
---------------------------------------------------------------------------------
Finished Handling Custom Attributes : Time (s): cpu = 00:00:03 ; elapsed = 00:00:05 . Memory (MB): peak = 412.199 ; gain = 153.844
---------------------------------------------------------------------------------
---------------------------------------------------------------------------------
Finished RTL Optimization Phase 1 : Time (s): cpu = 00:00:03 ; elapsed = 00:00:05 . Memory (MB): peak = 412.199 ; gain = 153.844
---------------------------------------------------------------------------------
INFO: [Device 21-403] Loading part xc7a100tcsg324-1
INFO: [Project 1-570] Preparing netlist for logic optimization

Processing XDC Constraints
Initializing timing engine
Parsing XDC File [F:/COD/lab1/lab3_c1/lab3_c1/lab3_c1.srcs/constrs_1/new/XXX.xdc]
WARNING: [Vivado 12-584] No ports matched 'fn[6]'. [F:/COD/lab1/lab3_c1/lab3_c1/lab3_c1.srcs/constrs_1/new/XXX.xdc:37]
CRITICAL WARNING: [Common 17-55] 'set_property' expects at least one object. [F:/COD/lab1/lab3_c1/lab3_c1/lab3_c1.srcs/constrs_1/new/XXX.xdc:37]
Resolution: If [get_<value>] was used to populate the object, check to make sure this command returns at least one valid object.
WARNING: [Vivado 12-584] No ports matched 'fn[7]'. [F:/COD/lab1/lab3_c1/lab3_c1/lab3_c1.srcs/constrs_1/new/XXX.xdc:38]
CRITICAL WARNING: [Common 17-55] 'set_property' expects at least one object. [F:/COD/lab1/lab3_c1/lab3_c1/lab3_c1.srcs/constrs_1/new/XXX.xdc:38]
Resolution: If [get_<value>] was used to populate the object, check to make sure this command returns at least one valid object.
WARNING: [Vivado 12-584] No ports matched 'fn[8]'. [F:/COD/lab1/lab3_c1/lab3_c1/lab3_c1.srcs/constrs_1/new/XXX.xdc:39]
CRITICAL WARNING: [Common 17-55] 'set_property' expects at least one object. [F:/COD/lab1/lab3_c1/lab3_c1/lab3_c1.srcs/constrs_1/new/XXX.xdc:39]
Resolution: If [get_<value>] was used to populate the object, check to make sure this command returns at least one valid object.
WARNING: [Vivado 12-584] No ports matched 'fn[9]'. [F:/COD/lab1/lab3_c1/lab3_c1/lab3_c1.srcs/constrs_1/new/XXX.xdc:40]
CRITICAL WARNING: [Common 17-55] 'set_property' expects at least one object. [F:/COD/lab1/lab3_c1/lab3_c1/lab3_c1.srcs/constrs_1/new/XXX.xdc:40]
Resolution: If [get_<value>] was used to populate the object, check to make sure this command returns at least one valid object.
WARNING: [Vivado 12-584] No ports matched 'fn[10]'. [F:/COD/lab1/lab3_c1/lab3_c1/lab3_c1.srcs/constrs_1/new/XXX.xdc:41]
CRITICAL WARNING: [Common 17-55] 'set_property' expects at least one object. [F:/COD/lab1/lab3_c1/lab3_c1/lab3_c1.srcs/constrs_1/new/XXX.xdc:41]
Resolution: If [get_<value>] was used to populate the object, check to make sure this command returns at least one valid object.
WARNING: [Vivado 12-584] No ports matched 'fn[11]'. [F:/COD/lab1/lab3_c1/lab3_c1/lab3_c1.srcs/constrs_1/new/XXX.xdc:42]
CRITICAL WARNING: [Common 17-55] 'set_property' expects at least one object. [F:/COD/lab1/lab3_c1/lab3_c1/lab3_c1.srcs/constrs_1/new/XXX.xdc:42]
Resolution: If [get_<value>] was used to populate the object, check to make sure this command returns at least one valid object.
WARNING: [Vivado 12-584] No ports matched 'fn[12]'. [F:/COD/lab1/lab3_c1/lab3_c1/lab3_c1.srcs/constrs_1/new/XXX.xdc:43]
CRITICAL WARNING: [Common 17-55] 'set_property' expects at least one object. [F:/COD/lab1/lab3_c1/lab3_c1/lab3_c1.srcs/constrs_1/new/XXX.xdc:43]
Resolution: If [get_<value>] was used to populate the object, check to make sure this command returns at least one valid object.
WARNING: [Vivado 12-584] No ports matched 'fn[13]'. [F:/COD/lab1/lab3_c1/lab3_c1/lab3_c1.srcs/constrs_1/new/XXX.xdc:44]
CRITICAL WARNING: [Common 17-55] 'set_property' expects at least one object. [F:/COD/lab1/lab3_c1/lab3_c1/lab3_c1.srcs/constrs_1/new/XXX.xdc:44]
Resolution: If [get_<value>] was used to populate the object, check to make sure this command returns at least one valid object.
WARNING: [Vivado 12-584] No ports matched 'fn[14]'. [F:/COD/lab1/lab3_c1/lab3_c1/lab3_c1.srcs/constrs_1/new/XXX.xdc:45]
CRITICAL WARNING: [Common 17-55] 'set_property' expects at least one object. [F:/COD/lab1/lab3_c1/lab3_c1/lab3_c1.srcs/constrs_1/new/XXX.xdc:45]
Resolution: If [get_<value>] was used to populate the object, check to make sure this command returns at least one valid object.
WARNING: [Vivado 12-584] No ports matched 'fn[15]'. [F:/COD/lab1/lab3_c1/lab3_c1/lab3_c1.srcs/constrs_1/new/XXX.xdc:46]
CRITICAL WARNING: [Common 17-55] 'set_property' expects at least one object. [F:/COD/lab1/lab3_c1/lab3_c1/lab3_c1.srcs/constrs_1/new/XXX.xdc:46]
Resolution: If [get_<value>] was used to populate the object, check to make sure this command returns at least one valid object.
Finished Parsing XDC File [F:/COD/lab1/lab3_c1/lab3_c1/lab3_c1.srcs/constrs_1/new/XXX.xdc]
INFO: [Project 1-236] Implementation specific constraints were found while reading constraint file [F:/COD/lab1/lab3_c1/lab3_c1/lab3_c1.srcs/constrs_1/new/XXX.xdc]. These constraints will be ignored for synthesis but will be used in implementation. Impacted constraints are listed in the file [.Xil/FIB_propImpl.xdc].
Resolution: To avoid this warning, move constraints listed in [.Xil/FIB_propImpl.xdc] to another XDC file and exclude this new file from synthesis with the used_in_synthesis property (File Properties dialog in GUI) and re-run elaboration/synthesis.
Completed Processing XDC Constraints

INFO: [Project 1-111] Unisim Transformation Summary:
No Unisim elements were transformed.

Constraint Validation Runtime : Time (s): cpu = 00:00:00 ; elapsed = 00:00:00.003 . Memory (MB): peak = 743.082 ; gain = 0.000
---------------------------------------------------------------------------------
Finished Constraint Validation : Time (s): cpu = 00:00:12 ; elapsed = 00:00:16 . Memory (MB): peak = 743.082 ; gain = 484.727
---------------------------------------------------------------------------------
---------------------------------------------------------------------------------
Start Loading Part and Timing Information
---------------------------------------------------------------------------------
Loading part: xc7a100tcsg324-1
---------------------------------------------------------------------------------
Finished Loading Part and Timing Information : Time (s): cpu = 00:00:12 ; elapsed = 00:00:16 . Memory (MB): peak = 743.082 ; gain = 484.727
---------------------------------------------------------------------------------
---------------------------------------------------------------------------------
Start Applying 'set_property' XDC Constraints
---------------------------------------------------------------------------------
---------------------------------------------------------------------------------
Finished applying 'set_property' XDC Constraints : Time (s): cpu = 00:00:12 ; elapsed = 00:00:16 . Memory (MB): peak = 743.082 ; gain = 484.727
---------------------------------------------------------------------------------
WARNING: [Synth 8-327] inferring latch for variable 'y_reg' [F:/COD/lab1/lab3_c1/lab3_c1/lab3_c1.srcs/sources_1/new/ALU.v:42]
---------------------------------------------------------------------------------
Finished RTL Optimization Phase 2 : Time (s): cpu = 00:00:12 ; elapsed = 00:00:16 . Memory (MB): peak = 743.082 ; gain = 484.727
---------------------------------------------------------------------------------

Report RTL Partitions: 
+-+--------------+------------+----------+
| |RTL Partition |Replication |Instances |
+-+--------------+------------+----------+
+-+--------------+------------+----------+
---------------------------------------------------------------------------------
Start RTL Component Statistics 
---------------------------------------------------------------------------------
Detailed RTL Component Info : 
+---Adders : 
	   2 Input      7 Bit       Adders := 1     
	   3 Input      6 Bit       Adders := 1     
+---XORs : 
	   2 Input      6 Bit         XORs := 1     
+---Registers : 
	                6 Bit    Registers := 2     
	                1 Bit    Registers := 1     
+---Muxes : 
	   7 Input      6 Bit        Muxes := 1     
	   2 Input      6 Bit        Muxes := 2     
	   7 Input      3 Bit        Muxes := 2     
	   2 Input      1 Bit        Muxes := 4     
	   7 Input      1 Bit        Muxes := 1     
---------------------------------------------------------------------------------
Finished RTL Component Statistics 
---------------------------------------------------------------------------------
---------------------------------------------------------------------------------
Start RTL Hierarchical Component Statistics 
---------------------------------------------------------------------------------
Hierarchical RTL Component report 
Module FIB 
Detailed RTL Component Info : 
+---Registers : 
	                6 Bit    Registers := 2     
	                1 Bit    Registers := 1     
+---Muxes : 
	   2 Input      6 Bit        Muxes := 2     
Module ALU 
Detailed RTL Component Info : 
+---Adders : 
	   2 Input      7 Bit       Adders := 1     
	   3 Input      6 Bit       Adders := 1     
+---XORs : 
	   2 Input      6 Bit         XORs := 1     
+---Muxes : 
	   7 Input      6 Bit        Muxes := 1     
	   7 Input      3 Bit        Muxes := 2     
	   2 Input      1 Bit        Muxes := 4     
	   7 Input      1 Bit        Muxes := 1     
---------------------------------------------------------------------------------
Finished RTL Hierarchical Component Statistics
---------------------------------------------------------------------------------
---------------------------------------------------------------------------------
Start Part Resource Summary
---------------------------------------------------------------------------------
Part Resources:
DSPs: 240 (col length:80)
BRAMs: 270 (col length: RAMB18 80 RAMB36 40)
---------------------------------------------------------------------------------
Finished Part Resource Summary
---------------------------------------------------------------------------------
---------------------------------------------------------------------------------
Start Cross Boundary and Area Optimization
---------------------------------------------------------------------------------
Warning: Parallel synthesis criteria is not met 
WARNING: [Synth 8-3332] Sequential element (L/y_reg[5]) is unused and will be removed from module FIB.
WARNING: [Synth 8-3332] Sequential element (L/y_reg[4]) is unused and will be removed from module FIB.
WARNING: [Synth 8-3332] Sequential element (L/y_reg[3]) is unused and will be removed from module FIB.
WARNING: [Synth 8-3332] Sequential element (L/y_reg[2]) is unused and will be removed from module FIB.
WARNING: [Synth 8-3332] Sequential element (L/y_reg[1]) is unused and will be removed from module FIB.
WARNING: [Synth 8-3332] Sequential element (L/y_reg[0]) is unused and will be removed from module FIB.
---------------------------------------------------------------------------------
Finished Cross Boundary and Area Optimization : Time (s): cpu = 00:00:13 ; elapsed = 00:00:17 . Memory (MB): peak = 743.082 ; gain = 484.727
---------------------------------------------------------------------------------

Report RTL Partitions: 
+-+--------------+------------+----------+
| |RTL Partition |Replication |Instances |
+-+--------------+------------+----------+
+-+--------------+------------+----------+
---------------------------------------------------------------------------------
Start Applying XDC Timing Constraints
---------------------------------------------------------------------------------
---------------------------------------------------------------------------------
Finished Applying XDC Timing Constraints : Time (s): cpu = 00:00:22 ; elapsed = 00:00:26 . Memory (MB): peak = 747.781 ; gain = 489.426
---------------------------------------------------------------------------------
---------------------------------------------------------------------------------
Start Timing Optimization
---------------------------------------------------------------------------------
---------------------------------------------------------------------------------
Finished Timing Optimization : Time (s): cpu = 00:00:22 ; elapsed = 00:00:26 . Memory (MB): peak = 747.781 ; gain = 489.426
---------------------------------------------------------------------------------

Report RTL Partitions: 
+-+--------------+------------+----------+
| |RTL Partition |Replication |Instances |
+-+--------------+------------+----------+
+-+--------------+------------+----------+
---------------------------------------------------------------------------------
Start Technology Mapping
---------------------------------------------------------------------------------
---------------------------------------------------------------------------------
Finished Technology Mapping : Time (s): cpu = 00:00:22 ; elapsed = 00:00:26 . Memory (MB): peak = 757.949 ; gain = 499.594
---------------------------------------------------------------------------------

Report RTL Partitions: 
+-+--------------+------------+----------+
| |RTL Partition |Replication |Instances |
+-+--------------+------------+----------+
+-+--------------+------------+----------+
---------------------------------------------------------------------------------
Start IO Insertion
---------------------------------------------------------------------------------
---------------------------------------------------------------------------------
Start Flattening Before IO Insertion
---------------------------------------------------------------------------------
---------------------------------------------------------------------------------
Finished Flattening Before IO Insertion
---------------------------------------------------------------------------------
---------------------------------------------------------------------------------
Start Final Netlist Cleanup
---------------------------------------------------------------------------------
---------------------------------------------------------------------------------
Finished Final Netlist Cleanup
---------------------------------------------------------------------------------
---------------------------------------------------------------------------------
Finished IO Insertion : Time (s): cpu = 00:00:23 ; elapsed = 00:00:27 . Memory (MB): peak = 757.949 ; gain = 499.594
---------------------------------------------------------------------------------

Report Check Netlist: 
+------+------------------+-------+---------+-------+------------------+
|      |Item              |Errors |Warnings |Status |Description       |
+------+------------------+-------+---------+-------+------------------+
|1     |multi_driven_nets |      0|        0|Passed |Multi driven nets |
+------+------------------+-------+---------+-------+------------------+
---------------------------------------------------------------------------------
Start Renaming Generated Instances
---------------------------------------------------------------------------------
---------------------------------------------------------------------------------
Finished Renaming Generated Instances : Time (s): cpu = 00:00:23 ; elapsed = 00:00:27 . Memory (MB): peak = 757.949 ; gain = 499.594
---------------------------------------------------------------------------------

Report RTL Partitions: 
+-+--------------+------------+----------+
| |RTL Partition |Replication |Instances |
+-+--------------+------------+----------+
+-+--------------+------------+----------+
---------------------------------------------------------------------------------
Start Rebuilding User Hierarchy
---------------------------------------------------------------------------------
---------------------------------------------------------------------------------
Finished Rebuilding User Hierarchy : Time (s): cpu = 00:00:23 ; elapsed = 00:00:27 . Memory (MB): peak = 757.949 ; gain = 499.594
---------------------------------------------------------------------------------
---------------------------------------------------------------------------------
Start Renaming Generated Ports
---------------------------------------------------------------------------------
---------------------------------------------------------------------------------
Finished Renaming Generated Ports : Time (s): cpu = 00:00:23 ; elapsed = 00:00:27 . Memory (MB): peak = 757.949 ; gain = 499.594
---------------------------------------------------------------------------------
---------------------------------------------------------------------------------
Start Handling Custom Attributes
---------------------------------------------------------------------------------
---------------------------------------------------------------------------------
Finished Handling Custom Attributes : Time (s): cpu = 00:00:23 ; elapsed = 00:00:27 . Memory (MB): peak = 757.949 ; gain = 499.594
---------------------------------------------------------------------------------
---------------------------------------------------------------------------------
Start Renaming Generated Nets
---------------------------------------------------------------------------------
---------------------------------------------------------------------------------
Finished Renaming Generated Nets : Time (s): cpu = 00:00:23 ; elapsed = 00:00:27 . Memory (MB): peak = 757.949 ; gain = 499.594
---------------------------------------------------------------------------------
---------------------------------------------------------------------------------
Start Writing Synthesis Report
---------------------------------------------------------------------------------

Report BlackBoxes: 
+-+--------------+----------+
| |BlackBox name |Instances |
+-+--------------+----------+
+-+--------------+----------+

Report Cell Usage: 
+------+-------+------+
|      |Cell   |Count |
+------+-------+------+
|1     |BUFG   |     1|
|2     |CARRY4 |     2|
|3     |LUT1   |     1|
|4     |LUT2   |    12|
|5     |LUT3   |    12|
|6     |FDCE   |     1|
|7     |FDRE   |    12|
|8     |IBUF   |    14|
|9     |OBUF   |     6|
+------+-------+------+

Report Instance Areas: 
+------+---------+-------+------+
|      |Instance |Module |Cells |
+------+---------+-------+------+
|1     |top      |       |    61|
|2     |  L      |ALU    |    20|
+------+---------+-------+------+
---------------------------------------------------------------------------------
Finished Writing Synthesis Report : Time (s): cpu = 00:00:23 ; elapsed = 00:00:27 . Memory (MB): peak = 757.949 ; gain = 499.594
---------------------------------------------------------------------------------
Synthesis finished with 0 errors, 0 critical warnings and 7 warnings.
Synthesis Optimization Runtime : Time (s): cpu = 00:00:13 ; elapsed = 00:00:19 . Memory (MB): peak = 757.949 ; gain = 168.711
Synthesis Optimization Complete : Time (s): cpu = 00:00:23 ; elapsed = 00:00:28 . Memory (MB): peak = 757.949 ; gain = 499.594
INFO: [Project 1-571] Translating synthesized netlist
INFO: [Netlist 29-17] Analyzing 16 Unisim elements for replacement
INFO: [Netlist 29-28] Unisim Transformation completed in 0 CPU seconds
INFO: [Project 1-570] Preparing netlist for logic optimization
INFO: [Opt 31-138] Pushed 0 inverter(s) to 0 load pin(s).
INFO: [Project 1-111] Unisim Transformation Summary:
No Unisim elements were transformed.

INFO: [Common 17-83] Releasing license: Synthesis
17 Infos, 19 Warnings, 10 Critical Warnings and 0 Errors encountered.
synth_design completed successfully
synth_design: Time (s): cpu = 00:00:25 ; elapsed = 00:00:30 . Memory (MB): peak = 770.063 ; gain = 524.578
WARNING: [Constraints 18-5210] No constraint will be written out.
INFO: [Common 17-1381] The checkpoint 'F:/COD/lab1/lab3_c1/lab3_c1/lab3_c1.runs/synth_1/FIB.dcp' has been generated.
INFO: [runtcl-4] Executing : report_utilization -file FIB_utilization_synth.rpt -pb FIB_utilization_synth.pb
report_utilization: Time (s): cpu = 00:00:00 ; elapsed = 00:00:00.086 . Memory (MB): peak = 770.063 ; gain = 0.000
INFO: [Common 17-206] Exiting Vivado at Sat Mar 23 10:06:14 2019...
