#-----------------------------------------------------------
# Vivado v2018.2 (64-bit)
# SW Build 2258646 on Thu Jun 14 20:03:12 MDT 2018
# IP Build 2256618 on Thu Jun 14 22:10:49 MDT 2018
# Start of session at: Tue Apr 30 16:01:55 2019
# Process ID: 8140
# Current directory: F:/COD/lab4/paintboard
# Command line: vivado.exe -gui_launcher_event rodinguilauncherevent12716 F:\COD\lab4\paintboard\paintboard.xpr
# Log file: F:/COD/lab4/paintboard/vivado.log
# Journal file: F:/COD/lab4/paintboard\vivado.jou
#-----------------------------------------------------------
start_gui
open_project F:/COD/lab4/paintboard/paintboard.xpr
Scanning sources...
Finished scanning sources
INFO: [IP_Flow 19-234] Refreshing IP repositories
INFO: [IP_Flow 19-1704] No user IP repositories specified
INFO: [IP_Flow 19-2313] Loaded Vivado IP repository 'D:/Xilinx/Vivado/2018.2/data/ip'.
open_project: Time (s): cpu = 00:00:13 ; elapsed = 00:00:21 . Memory (MB): peak = 797.051 ; gain = 115.332
exit
INFO: [Common 17-206] Exiting Vivado at Tue Apr 30 17:28:29 2019...
