#-----------------------------------------------------------
# Vivado v2018.2 (64-bit)
# SW Build 2258646 on Thu Jun 14 20:03:12 MDT 2018
# IP Build 2256618 on Thu Jun 14 22:10:49 MDT 2018
# Start of session at: Thu May 30 20:06:18 2019
# Process ID: 6084
# Current directory: F:/COD/lab4/paintboard
# Command line: vivado.exe -gui_launcher_event rodinguilauncherevent7340 F:\COD\lab4\paintboard\paintboard.xpr
# Log file: F:/COD/lab4/paintboard/vivado.log
# Journal file: F:/COD/lab4/paintboard\vivado.jou
#-----------------------------------------------------------
start_gui
open_project F:/COD/lab4/paintboard/paintboard.xpr
Scanning sources...
Finished scanning sources
INFO: [IP_Flow 19-234] Refreshing IP repositories
INFO: [IP_Flow 19-1704] No user IP repositories specified
INFO: [IP_Flow 19-2313] Loaded Vivado IP repository 'D:/Xilinx/Vivado/2018.2/data/ip'.
open_project: Time (s): cpu = 00:00:14 ; elapsed = 00:00:14 . Memory (MB): peak = 779.113 ; gain = 82.480
exit
INFO: [Common 17-206] Exiting Vivado at Thu May 30 22:57:26 2019...
