#-----------------------------------------------------------
# Vivado v2018.2 (64-bit)
# SW Build 2258646 on Thu Jun 14 20:03:12 MDT 2018
# IP Build 2256618 on Thu Jun 14 22:10:49 MDT 2018
# Start of session at: Wed Apr 24 20:53:06 2019
# Process ID: 1416
# Current directory: F:/COD/lab4/paintboard
# Command line: vivado.exe -gui_launcher_event rodinguilauncherevent12476 F:\COD\lab4\paintboard\paintboard.xpr
# Log file: F:/COD/lab4/paintboard/vivado.log
# Journal file: F:/COD/lab4/paintboard\vivado.jou
#-----------------------------------------------------------
start_gui
open_project F:/COD/lab4/paintboard/paintboard.xpr
Scanning sources...
Finished scanning sources
INFO: [IP_Flow 19-234] Refreshing IP repositories
INFO: [IP_Flow 19-1704] No user IP repositories specified
INFO: [IP_Flow 19-2313] Loaded Vivado IP repository 'D:/Xilinx/Vivado/2018.2/data/ip'.
open_project: Time (s): cpu = 00:00:18 ; elapsed = 00:00:22 . Memory (MB): peak = 807.684 ; gain = 93.766
update_compile_order -fileset sources_1
exit
INFO: [Common 17-206] Exiting Vivado at Wed Apr 24 20:55:11 2019...
