#-----------------------------------------------------------
# Vivado v2018.2 (64-bit)
# SW Build 2258646 on Thu Jun 14 20:03:12 MDT 2018
# IP Build 2256618 on Thu Jun 14 22:10:49 MDT 2018
# Start of session at: Mon May 13 00:45:29 2019
# Process ID: 1916
# Current directory: F:/COD/lab3/lab3_RF
# Command line: vivado.exe -gui_launcher_event rodinguilauncherevent12192 F:\COD\lab3\lab3_RF\lab3_RF.xpr
# Log file: F:/COD/lab3/lab3_RF/vivado.log
# Journal file: F:/COD/lab3/lab3_RF\vivado.jou
#-----------------------------------------------------------
start_gui
open_project F:/COD/lab3/lab3_RF/lab3_RF.xpr
Scanning sources...
Finished scanning sources
INFO: [IP_Flow 19-234] Refreshing IP repositories
INFO: [IP_Flow 19-1704] No user IP repositories specified
INFO: [IP_Flow 19-2313] Loaded Vivado IP repository 'D:/Xilinx/Vivado/2018.2/data/ip'.
update_compile_order -fileset sources_1
exit
INFO: [Common 17-206] Exiting Vivado at Mon May 13 00:59:28 2019...
