#-----------------------------------------------------------
# Vivado v2018.2 (64-bit)
# SW Build 2258646 on Thu Jun 14 20:03:12 MDT 2018
# IP Build 2256618 on Thu Jun 14 22:10:49 MDT 2018
# Start of session at: Thu Apr 18 14:57:27 2019
# Process ID: 14324
# Current directory: F:/COD/lab3/FIFO
# Command line: vivado.exe -gui_launcher_event rodinguilauncherevent5372 F:\COD\lab3\FIFO\FIFO.xpr
# Log file: F:/COD/lab3/FIFO/vivado.log
# Journal file: F:/COD/lab3/FIFO\vivado.jou
#-----------------------------------------------------------
start_gui
open_project F:/COD/lab3/FIFO/FIFO.xpr
Scanning sources...
Finished scanning sources
INFO: [IP_Flow 19-234] Refreshing IP repositories
INFO: [IP_Flow 19-1704] No user IP repositories specified
INFO: [IP_Flow 19-2313] Loaded Vivado IP repository 'D:/Xilinx/Vivado/2018.2/data/ip'.
open_project: Time (s): cpu = 00:00:24 ; elapsed = 00:00:19 . Memory (MB): peak = 753.543 ; gain = 92.754
update_compile_order -fileset sources_1
exit
INFO: [Common 17-206] Exiting Vivado at Thu Apr 18 15:46:39 2019...
