#-----------------------------------------------------------
# Vivado v2018.2 (64-bit)
# SW Build 2258646 on Thu Jun 14 20:03:12 MDT 2018
# IP Build 2256618 on Thu Jun 14 22:10:49 MDT 2018
# Start of session at: Mon Apr 22 20:42:51 2019
# Process ID: 11492
# Current directory: F:/COD/lab1/lab3_innovation/project_1
# Command line: vivado.exe -gui_launcher_event rodinguilauncherevent14732 F:\COD\lab1\lab3_innovation\project_1\project_1.xpr
# Log file: F:/COD/lab1/lab3_innovation/project_1/vivado.log
# Journal file: F:/COD/lab1/lab3_innovation/project_1\vivado.jou
#-----------------------------------------------------------
start_gui
open_project F:/COD/lab1/lab3_innovation/project_1/project_1.xpr
Scanning sources...
Finished scanning sources
INFO: [IP_Flow 19-234] Refreshing IP repositories
INFO: [IP_Flow 19-1704] No user IP repositories specified
INFO: [IP_Flow 19-2313] Loaded Vivado IP repository 'D:/Xilinx/Vivado/2018.2/data/ip'.
open_project: Time (s): cpu = 00:00:14 ; elapsed = 00:00:12 . Memory (MB): peak = 772.301 ; gain = 85.406
update_compile_order -fileset sources_1
exit
INFO: [Common 17-206] Exiting Vivado at Mon Apr 22 22:00:18 2019...
