#-----------------------------------------------------------
# Vivado v2018.2 (64-bit)
# SW Build 2258646 on Thu Jun 14 20:03:12 MDT 2018
# IP Build 2256618 on Thu Jun 14 22:10:49 MDT 2018
# Start of session at: Fri Apr 12 09:05:00 2019
# Process ID: 11080
# Current directory: F:/COD/lab1/lab3_innovation/project_1
# Command line: vivado.exe -gui_launcher_event rodinguilauncherevent7280 F:\COD\lab1\lab3_innovation\project_1\project_1.xpr
# Log file: F:/COD/lab1/lab3_innovation/project_1/vivado.log
# Journal file: F:/COD/lab1/lab3_innovation/project_1\vivado.jou
#-----------------------------------------------------------
start_gui
open_project F:/COD/lab1/lab3_innovation/project_1/project_1.xpr
Scanning sources...
Finished scanning sources
INFO: [IP_Flow 19-234] Refreshing IP repositories
INFO: [IP_Flow 19-1704] No user IP repositories specified
INFO: [IP_Flow 19-2313] Loaded Vivado IP repository 'D:/Xilinx/Vivado/2018.2/data/ip'.
open_project: Time (s): cpu = 00:00:13 ; elapsed = 00:00:07 . Memory (MB): peak = 797.375 ; gain = 121.090
update_compile_order -fileset sources_1
exit
INFO: [Common 17-206] Exiting Vivado at Fri Apr 12 14:01:37 2019...
