#-----------------------------------------------------------
# Vivado v2018.2 (64-bit)
# SW Build 2258646 on Thu Jun 14 20:03:12 MDT 2018
# IP Build 2256618 on Thu Jun 14 22:10:49 MDT 2018
# Start of session at: Mon Jul 29 21:49:46 2019
# Process ID: 16452
# Current directory: F:/COD/lab1/lab3_innovation/project_1
# Command line: vivado.exe -gui_launcher_event rodinguilauncherevent10456 F:\COD\lab1\lab3_innovation\project_1\project_1.xpr
# Log file: F:/COD/lab1/lab3_innovation/project_1/vivado.log
# Journal file: F:/COD/lab1/lab3_innovation/project_1\vivado.jou
#-----------------------------------------------------------
start_gui
open_project F:/COD/lab1/lab3_innovation/project_1/project_1.xpr
Scanning sources...
Finished scanning sources
INFO: [IP_Flow 19-234] Refreshing IP repositories
INFO: [IP_Flow 19-1704] No user IP repositories specified
INFO: [IP_Flow 19-2313] Loaded Vivado IP repository 'D:/Xilinx/Vivado/2018.2/data/ip'.
open_project: Time (s): cpu = 00:00:14 ; elapsed = 00:00:19 . Memory (MB): peak = 756.324 ; gain = 88.105
update_compile_order -fileset sources_1
exit
