Copyright 1986-2018 Xilinx, Inc. All Rights Reserved.
--------------------------------------------------------------------------------------------------------------------------------------------------------------------------------
| Tool Version : Vivado v.2018.2 (win64) Build 2258646 Thu Jun 14 20:03:12 MDT 2018
| Date         : Fri May 24 23:56:12 2019
| Host         : MSI running 64-bit major release  (build 9200)
| Command      : report_timing_summary -max_paths 10 -file DDU_timing_summary_routed.rpt -pb DDU_timing_summary_routed.pb -rpx DDU_timing_summary_routed.rpx -warn_on_violation
| Design       : DDU
| Device       : 7a100t-csg324
| Speed File   : -1  PRODUCTION 1.22 2018-03-21
--------------------------------------------------------------------------------------------------------------------------------------------------------------------------------

Timing Summary Report

------------------------------------------------------------------------------------------------
| Timer Settings
| --------------
------------------------------------------------------------------------------------------------

  Enable Multi Corner Analysis               :  Yes
  Enable Pessimism Removal                   :  Yes
  Pessimism Removal Resolution               :  Nearest Common Node
  Enable Input Delay Default Clock           :  No
  Enable Preset / Clear Arcs                 :  No
  Disable Flight Delays                      :  No
  Ignore I/O Paths                           :  No
  Timing Early Launch at Borrowing Latches   :  false

  Corner  Analyze    Analyze    
  Name    Max Paths  Min Paths  
  ------  ---------  ---------  
  Slow    Yes        Yes        
  Fast    Yes        Yes        



check_timing report

Table of Contents
-----------------
1. checking no_clock
2. checking constant_clock
3. checking pulse_width_clock
4. checking unconstrained_internal_endpoints
5. checking no_input_delay
6. checking no_output_delay
7. checking multiple_clock
8. checking generated_clocks
9. checking loops
10. checking partial_input_delay
11. checking partial_output_delay
12. checking latch_loops

1. checking no_clock
--------------------
 There are 32 register/latch pins with no clock driven by root clock pin: clk_100M (HIGH)

 There are 567 register/latch pins with no clock driven by root clock pin: cont (HIGH)

 There are 13 register/latch pins with no clock driven by root clock pin: dec (HIGH)

 There are 13 register/latch pins with no clock driven by root clock pin: inc (HIGH)

 There are 8 register/latch pins with no clock driven by root clock pin: rst (HIGH)

 There are 567 register/latch pins with no clock driven by root clock pin: step (HIGH)

 There are 594 register/latch pins with no clock driven by root clock pin: cnt_reg[10]/Q (HIGH)

 There are 594 register/latch pins with no clock driven by root clock pin: cnt_reg[11]/Q (HIGH)

 There are 594 register/latch pins with no clock driven by root clock pin: cnt_reg[12]/Q (HIGH)

 There are 594 register/latch pins with no clock driven by root clock pin: cnt_reg[13]/Q (HIGH)

 There are 594 register/latch pins with no clock driven by root clock pin: cnt_reg[14]/Q (HIGH)

 There are 594 register/latch pins with no clock driven by root clock pin: cnt_reg[15]/Q (HIGH)

 There are 594 register/latch pins with no clock driven by root clock pin: cnt_reg[16]/Q (HIGH)

 There are 594 register/latch pins with no clock driven by root clock pin: cnt_reg[17]/Q (HIGH)

 There are 594 register/latch pins with no clock driven by root clock pin: cnt_reg[18]/Q (HIGH)

 There are 594 register/latch pins with no clock driven by root clock pin: cnt_reg[19]/Q (HIGH)

 There are 594 register/latch pins with no clock driven by root clock pin: cnt_reg[1]/Q (HIGH)

 There are 594 register/latch pins with no clock driven by root clock pin: cnt_reg[20]/Q (HIGH)

 There are 594 register/latch pins with no clock driven by root clock pin: cnt_reg[21]/Q (HIGH)

 There are 594 register/latch pins with no clock driven by root clock pin: cnt_reg[22]/Q (HIGH)

 There are 594 register/latch pins with no clock driven by root clock pin: cnt_reg[23]/Q (HIGH)

 There are 594 register/latch pins with no clock driven by root clock pin: cnt_reg[24]/Q (HIGH)

 There are 594 register/latch pins with no clock driven by root clock pin: cnt_reg[25]/Q (HIGH)

 There are 594 register/latch pins with no clock driven by root clock pin: cnt_reg[26]/Q (HIGH)

 There are 594 register/latch pins with no clock driven by root clock pin: cnt_reg[27]/Q (HIGH)

 There are 594 register/latch pins with no clock driven by root clock pin: cnt_reg[28]/Q (HIGH)

 There are 594 register/latch pins with no clock driven by root clock pin: cnt_reg[29]/Q (HIGH)

 There are 594 register/latch pins with no clock driven by root clock pin: cnt_reg[2]/Q (HIGH)

 There are 594 register/latch pins with no clock driven by root clock pin: cnt_reg[30]/Q (HIGH)

 There are 594 register/latch pins with no clock driven by root clock pin: cnt_reg[31]/Q (HIGH)

 There are 594 register/latch pins with no clock driven by root clock pin: cnt_reg[3]/Q (HIGH)

 There are 594 register/latch pins with no clock driven by root clock pin: cnt_reg[4]/Q (HIGH)

 There are 594 register/latch pins with no clock driven by root clock pin: cnt_reg[5]/Q (HIGH)

 There are 594 register/latch pins with no clock driven by root clock pin: cnt_reg[6]/Q (HIGH)

 There are 594 register/latch pins with no clock driven by root clock pin: cnt_reg[7]/Q (HIGH)

 There are 594 register/latch pins with no clock driven by root clock pin: cnt_reg[8]/Q (HIGH)

 There are 594 register/latch pins with no clock driven by root clock pin: cnt_reg[9]/Q (HIGH)

 There are 32 register/latch pins with no clock driven by root clock pin: cpu_dut/ALU_control_dut/ALUoperation_reg[0]/Q (HIGH)

 There are 32 register/latch pins with no clock driven by root clock pin: cpu_dut/ALU_control_dut/ALUoperation_reg[1]/Q (HIGH)

 There are 32 register/latch pins with no clock driven by root clock pin: cpu_dut/ALU_control_dut/ALUoperation_reg[2]/Q (HIGH)

 There are 3 register/latch pins with no clock driven by root clock pin: cpu_dut/IRnMDR_dut/Instruction_reg[0]/Q (HIGH)

 There are 3 register/latch pins with no clock driven by root clock pin: cpu_dut/IRnMDR_dut/Instruction_reg[1]/Q (HIGH)

 There are 3 register/latch pins with no clock driven by root clock pin: cpu_dut/IRnMDR_dut/Instruction_reg[2]/Q (HIGH)

 There are 3 register/latch pins with no clock driven by root clock pin: cpu_dut/IRnMDR_dut/Instruction_reg[3]/Q (HIGH)

 There are 3 register/latch pins with no clock driven by root clock pin: cpu_dut/IRnMDR_dut/Instruction_reg[4]/Q (HIGH)

 There are 3 register/latch pins with no clock driven by root clock pin: cpu_dut/IRnMDR_dut/Instruction_reg[5]/Q (HIGH)

 There is 1 register/latch pin with no clock driven by root clock pin: cpu_dut/PC_dut/PC_reg[0]/Q (HIGH)

 There is 1 register/latch pin with no clock driven by root clock pin: cpu_dut/PC_dut/PC_reg[1]/Q (HIGH)

 There is 1 register/latch pin with no clock driven by root clock pin: cpu_dut/PC_dut/PC_reg[2]/Q (HIGH)

 There is 1 register/latch pin with no clock driven by root clock pin: cpu_dut/PC_dut/PC_reg[3]/Q (HIGH)

 There is 1 register/latch pin with no clock driven by root clock pin: cpu_dut/PC_dut/PC_reg[4]/Q (HIGH)

 There is 1 register/latch pin with no clock driven by root clock pin: cpu_dut/PC_dut/PC_reg[5]/Q (HIGH)

 There is 1 register/latch pin with no clock driven by root clock pin: cpu_dut/PC_dut/PC_reg[6]/Q (HIGH)

 There is 1 register/latch pin with no clock driven by root clock pin: cpu_dut/PC_dut/PC_reg[7]/Q (HIGH)

 There are 8 register/latch pins with no clock driven by root clock pin: cpu_dut/cu/FSM_sequential_current_state_reg[0]/Q (HIGH)

 There are 8 register/latch pins with no clock driven by root clock pin: cpu_dut/cu/FSM_sequential_current_state_reg[1]/Q (HIGH)

 There are 8 register/latch pins with no clock driven by root clock pin: cpu_dut/cu/FSM_sequential_current_state_reg[2]/Q (HIGH)

 There are 8 register/latch pins with no clock driven by root clock pin: cpu_dut/cu/FSM_sequential_current_state_reg[3]/Q (HIGH)

 There are 8 register/latch pins with no clock driven by root clock pin: cpu_dut/cu/FSM_sequential_current_state_reg[4]/Q (HIGH)


2. checking constant_clock
--------------------------
 There are 0 register/latch pins with constant_clock.


3. checking pulse_width_clock
-----------------------------
 There are 0 register/latch pins which need pulse_width check


4. checking unconstrained_internal_endpoints
--------------------------------------------
 There are 2805 pins that are not constrained for maximum delay. (HIGH)

 There are 0 pins that are not constrained for maximum delay due to constant clock.


5. checking no_input_delay
--------------------------
 There are 2 input ports with no input delay specified. (HIGH)

 There are 0 input ports with no input delay but user has a false path constraint.


6. checking no_output_delay
---------------------------
 There are 31 ports with no output delay specified. (HIGH)

 There are 0 ports with no output delay but user has a false path constraint

 There are 0 ports with no output delay but with a timing clock defined on it or propagating through it


7. checking multiple_clock
--------------------------
 There are 0 register/latch pins with multiple clocks.


8. checking generated_clocks
----------------------------
 There are 0 generated clocks that are not connected to a clock source.


9. checking loops
-----------------
 There are 0 combinational loops in the design.


10. checking partial_input_delay
--------------------------------
 There are 0 input ports with partial input delay specified.


11. checking partial_output_delay
---------------------------------
 There are 0 ports with partial output delay specified.


12. checking latch_loops
------------------------
 There are 0 combinational latch loops in the design through latch input



------------------------------------------------------------------------------------------------
| Design Timing Summary
| ---------------------
------------------------------------------------------------------------------------------------

    WNS(ns)      TNS(ns)  TNS Failing Endpoints  TNS Total Endpoints      WHS(ns)      THS(ns)  THS Failing Endpoints  THS Total Endpoints     WPWS(ns)     TPWS(ns)  TPWS Failing Endpoints  TPWS Total Endpoints  
    -------      -------  ---------------------  -------------------      -------      -------  ---------------------  -------------------     --------     --------  ----------------------  --------------------  
         NA           NA                     NA                   NA           NA           NA                     NA                   NA           NA           NA                      NA                    NA  


There are no user specified timing constraints.


------------------------------------------------------------------------------------------------
| Clock Summary
| -------------
------------------------------------------------------------------------------------------------


------------------------------------------------------------------------------------------------
| Intra Clock Table
| -----------------
------------------------------------------------------------------------------------------------

Clock             WNS(ns)      TNS(ns)  TNS Failing Endpoints  TNS Total Endpoints      WHS(ns)      THS(ns)  THS Failing Endpoints  THS Total Endpoints     WPWS(ns)     TPWS(ns)  TPWS Failing Endpoints  TPWS Total Endpoints  
-----             -------      -------  ---------------------  -------------------      -------      -------  ---------------------  -------------------     --------     --------  ----------------------  --------------------  


------------------------------------------------------------------------------------------------
| Inter Clock Table
| -----------------
------------------------------------------------------------------------------------------------

From Clock    To Clock          WNS(ns)      TNS(ns)  TNS Failing Endpoints  TNS Total Endpoints      WHS(ns)      THS(ns)  THS Failing Endpoints  THS Total Endpoints  
----------    --------          -------      -------  ---------------------  -------------------      -------      -------  ---------------------  -------------------  


------------------------------------------------------------------------------------------------
| Other Path Groups Table
| -----------------------
------------------------------------------------------------------------------------------------

Path Group    From Clock    To Clock          WNS(ns)      TNS(ns)  TNS Failing Endpoints  TNS Total Endpoints      WHS(ns)      THS(ns)  THS Failing Endpoints  THS Total Endpoints  
----------    ----------    --------          -------      -------  ---------------------  -------------------      -------      -------  ---------------------  -------------------  


------------------------------------------------------------------------------------------------
| Timing Details
| --------------
------------------------------------------------------------------------------------------------


