#-----------------------------------------------------------
# Vivado v2018.2 (64-bit)
# SW Build 2258646 on Thu Jun 14 20:03:12 MDT 2018
# IP Build 2256618 on Thu Jun 14 22:10:49 MDT 2018
# Start of session at: Fri Mar 22 19:22:39 2019
# Process ID: 5668
# Current directory: F:/COD/lab1/lab3_c/FIB
# Command line: vivado.exe -gui_launcher_event rodinguilauncherevent3336 F:\COD\lab1\lab3_c\FIB\FIB.xpr
# Log file: F:/COD/lab1/lab3_c/FIB/vivado.log
# Journal file: F:/COD/lab1/lab3_c/FIB\vivado.jou
#-----------------------------------------------------------
start_gui
open_project F:/COD/lab1/lab3_c/FIB/FIB.xpr
Scanning sources...
Finished scanning sources
INFO: [IP_Flow 19-234] Refreshing IP repositories
INFO: [IP_Flow 19-1704] No user IP repositories specified
INFO: [IP_Flow 19-2313] Loaded Vivado IP repository 'D:/Xilinx/Vivado/2018.2/data/ip'.
open_project: Time (s): cpu = 00:00:13 ; elapsed = 00:00:06 . Memory (MB): peak = 799.594 ; gain = 88.840
update_compile_order -fileset sources_1
exit
INFO: [Common 17-206] Exiting Vivado at Fri Mar 22 19:23:49 2019...
