#-----------------------------------------------------------
# Vivado v2018.2 (64-bit)
# SW Build 2258646 on Thu Jun 14 20:03:12 MDT 2018
# IP Build 2256618 on Thu Jun 14 22:10:49 MDT 2018
# Start of session at: Wed Apr 24 20:33:08 2019
# Process ID: 1656
# Current directory: F:/COD/lab1/lab1_1/project_1
# Command line: vivado.exe -gui_launcher_event rodinguilauncherevent11604 F:\COD\lab1\lab1_1\project_1\project_1.xpr
# Log file: F:/COD/lab1/lab1_1/project_1/vivado.log
# Journal file: F:/COD/lab1/lab1_1/project_1\vivado.jou
#-----------------------------------------------------------
start_gui
open_project F:/COD/lab1/lab1_1/project_1/project_1.xpr
Scanning sources...
Finished scanning sources
INFO: [IP_Flow 19-234] Refreshing IP repositories
INFO: [IP_Flow 19-1704] No user IP repositories specified
INFO: [IP_Flow 19-2313] Loaded Vivado IP repository 'D:/Xilinx/Vivado/2018.2/data/ip'.
open_project: Time (s): cpu = 00:00:20 ; elapsed = 00:00:21 . Memory (MB): peak = 763.918 ; gain = 61.074
update_compile_order -fileset sources_1
reset_run synth_1
launch_runs impl_1 -to_step write_bitstream -jobs 4
[Wed Apr 24 20:39:19 2019] Launched synth_1...
Run output will be captured here: F:/COD/lab1/lab1_1/project_1/project_1.runs/synth_1/runme.log
[Wed Apr 24 20:39:19 2019] Launched impl_1...
Run output will be captured here: F:/COD/lab1/lab1_1/project_1/project_1.runs/impl_1/runme.log
exit
INFO: [Common 17-206] Exiting Vivado at Wed Apr 24 20:41:59 2019...
