#-----------------------------------------------------------
# Vivado v2018.2 (64-bit)
# SW Build 2258646 on Thu Jun 14 20:03:12 MDT 2018
# IP Build 2256618 on Thu Jun 14 22:10:49 MDT 2018
# Start of session at: Thu Apr 11 11:42:22 2019
# Process ID: 13120
# Current directory: F:/COD/lab2/SRT
# Command line: vivado.exe -gui_launcher_event rodinguilauncherevent13620 F:\COD\lab2\SRT\SRT.xpr
# Log file: F:/COD/lab2/SRT/vivado.log
# Journal file: F:/COD/lab2/SRT\vivado.jou
#-----------------------------------------------------------
start_gui
open_project F:/COD/lab2/SRT/SRT.xpr
Scanning sources...
Finished scanning sources
INFO: [IP_Flow 19-234] Refreshing IP repositories
INFO: [IP_Flow 19-1704] No user IP repositories specified
INFO: [IP_Flow 19-2313] Loaded Vivado IP repository 'D:/Xilinx/Vivado/2018.2/data/ip'.
open_project: Time (s): cpu = 00:00:21 ; elapsed = 00:00:23 . Memory (MB): peak = 756.641 ; gain = 89.289
update_compile_order -fileset sources_1
launch_simulation
INFO: [Vivado 12-5682] Launching behavioral simulation in 'F:/COD/lab2/SRT/SRT.sim/sim_1/behav/xsim'
INFO: [SIM-utils-51] Simulation object is 'sim_1'
INFO: [USF-XSim-7] Finding pre-compiled libraries...
INFO: [USF-XSim-11] File 'D:/Xilinx/Vivado/2018.2/data/xsim/xsim.ini' copied to run dir:'F:/COD/lab2/SRT/SRT.sim/sim_1/behav/xsim'
INFO: [SIM-utils-54] Inspecting design source files for 'SRT_sim' in fileset 'sim_1'...
INFO: [USF-XSim-97] Finding global include files...
INFO: [USF-XSim-98] Fetching design files from 'sim_1'...
INFO: [USF-XSim-2] XSim::Compile design
INFO: [USF-XSim-61] Executing 'COMPILE and ANALYZE' step in 'F:/COD/lab2/SRT/SRT.sim/sim_1/behav/xsim'
"xvlog --incr --relax -prj SRT_sim_vlog.prj"
INFO: [VRFC 10-2263] Analyzing Verilog file "F:/COD/lab2/SRT/SRT.srcs/sources_1/new/RST.v" into library xil_defaultlib
INFO: [VRFC 10-311] analyzing module RST
INFO: [VRFC 10-2263] Analyzing Verilog file "F:/COD/lab2/SRT/SRT.srcs/sim_1/new/SRT_sim.v" into library xil_defaultlib
INFO: [VRFC 10-311] analyzing module SRT_sim
run_program: Time (s): cpu = 00:00:01 ; elapsed = 00:00:06 . Memory (MB): peak = 781.875 ; gain = 0.000
INFO: [USF-XSim-69] 'compile' step finished in '5' seconds
INFO: [USF-XSim-3] XSim::Elaborate design
INFO: [USF-XSim-61] Executing 'ELABORATE' step in 'F:/COD/lab2/SRT/SRT.sim/sim_1/behav/xsim'
Vivado Simulator 2018.2
Copyright 1986-1999, 2001-2018 Xilinx, Inc. All Rights Reserved.
Running: D:/Xilinx/Vivado/2018.2/bin/unwrapped/win64.o/xelab.exe -wto 7af07b4e53994373aa608c80e5343a4d --incr --debug typical --relax --mt 2 -L xil_defaultlib -L unisims_ver -L unimacro_ver -L secureip -L xpm --snapshot SRT_sim_behav xil_defaultlib.SRT_sim xil_defaultlib.glbl -log elaborate.log 
Using 2 slave threads.
WARNING: [XSIM 43-3431] One or more environment variables have been detected which affect the operation of the C compiler. These are typically not set in standard installations and are not tested by Xilinx, however they may be appropriate for your system, so the flow will attempt to continue.  If errors occur, try running xelab with the "-mt off -v 1" switches to see more information from the C compiler. The following environment variables have been detected:
    LIBRARY_PATH
Starting static elaboration
Completed static elaboration
Starting simulation data flow analysis
Completed simulation data flow analysis
Time Resolution for simulation is 1ps
Compiling module xil_defaultlib.RST
Compiling module xil_defaultlib.SRT_sim
Compiling module xil_defaultlib.glbl
Built simulation snapshot SRT_sim_behav

****** Webtalk v2018.2 (64-bit)
  **** SW Build 2258646 on Thu Jun 14 20:03:12 MDT 2018
  **** IP Build 2256618 on Thu Jun 14 22:10:49 MDT 2018
    ** Copyright 1986-2018 Xilinx, Inc. All Rights Reserved.

source F:/COD/lab2/SRT/SRT.sim/sim_1/behav/xsim/xsim.dir/SRT_sim_behav/webtalk/xsim_webtalk.tcl -notrace
INFO: [Common 17-206] Exiting Webtalk at Thu Apr 11 11:44:19 2019...
run_program: Time (s): cpu = 00:00:01 ; elapsed = 00:00:15 . Memory (MB): peak = 781.875 ; gain = 0.000
INFO: [USF-XSim-69] 'elaborate' step finished in '15' seconds
INFO: [USF-XSim-4] XSim::Simulate design
INFO: [USF-XSim-61] Executing 'SIMULATE' step in 'F:/COD/lab2/SRT/SRT.sim/sim_1/behav/xsim'
INFO: [USF-XSim-98] *** Running xsim
   with args "SRT_sim_behav -key {Behavioral:sim_1:Functional:SRT_sim} -tclbatch {SRT_sim.tcl} -log {simulate.log}"
INFO: [USF-XSim-8] Loading simulator feature
Vivado Simulator 2018.2
Time resolution is 1 ps
source SRT_sim.tcl
# set curr_wave [current_wave_config]
# if { [string length $curr_wave] == 0 } {
#   if { [llength [get_objects]] > 0} {
#     add_wave /
#     set_property needs_save false [current_wave_config]
#   } else {
#      send_msg_id Add_Wave-1 WARNING "No top level signals found. Simulator will start without a wave window. If you want to open a wave window go to 'File->New Waveform Configuration' or type 'create_wave_config' in the TCL console."
#   }
# }
# run 1000ns
INFO: [USF-XSim-96] XSim completed. Design snapshot 'SRT_sim_behav' loaded.
INFO: [USF-XSim-97] XSim simulation ran for 1000ns
launch_simulation: Time (s): cpu = 00:00:11 ; elapsed = 00:00:28 . Memory (MB): peak = 796.359 ; gain = 14.484
current_wave_config {Untitled 1}
Untitled 1
add_wave {{/SRT_sim/R/done}} 
restart
INFO: [Simtcl 6-17] Simulation restarted
run 20 us
close_sim
INFO: [Simtcl 6-16] Simulation closed
close_sim: Time (s): cpu = 00:00:01 ; elapsed = 00:00:12 . Memory (MB): peak = 820.965 ; gain = 0.000
exit
INFO: [Common 17-206] Exiting Vivado at Thu Apr 11 12:04:13 2019...
