#-----------------------------------------------------------
# Vivado v2018.2 (64-bit)
# SW Build 2258646 on Thu Jun 14 20:03:12 MDT 2018
# IP Build 2256618 on Thu Jun 14 22:10:49 MDT 2018
# Start of session at: Sat Mar 23 10:04:31 2019
# Process ID: 12548
# Current directory: F:/COD/lab1/lab3_c1/lab3_c1
# Command line: vivado.exe -gui_launcher_event rodinguilauncherevent8020 F:\COD\lab1\lab3_c1\lab3_c1\lab3_c1.xpr
# Log file: F:/COD/lab1/lab3_c1/lab3_c1/vivado.log
# Journal file: F:/COD/lab1/lab3_c1/lab3_c1\vivado.jou
#-----------------------------------------------------------
start_gui
open_project F:/COD/lab1/lab3_c1/lab3_c1/lab3_c1.xpr
Scanning sources...
Finished scanning sources
INFO: [IP_Flow 19-234] Refreshing IP repositories
INFO: [IP_Flow 19-1704] No user IP repositories specified
INFO: [IP_Flow 19-2313] Loaded Vivado IP repository 'D:/Xilinx/Vivado/2018.2/data/ip'.
open_project: Time (s): cpu = 00:00:13 ; elapsed = 00:00:06 . Memory (MB): peak = 816.277 ; gain = 119.977
update_compile_order -fileset sources_1
reset_run synth_1
launch_runs impl_1 -to_step write_bitstream -jobs 4
[Sat Mar 23 10:05:36 2019] Launched synth_1...
Run output will be captured here: F:/COD/lab1/lab3_c1/lab3_c1/lab3_c1.runs/synth_1/runme.log
[Sat Mar 23 10:05:36 2019] Launched impl_1...
Run output will be captured here: F:/COD/lab1/lab3_c1/lab3_c1/lab3_c1.runs/impl_1/runme.log
open_hw
connect_hw_server
INFO: [Labtools 27-2285] Connecting to hw_server url TCP:localhost:3121
open_hw_target
INFO: [Labtoolstcl 44-466] Opening hw_target localhost:3121/xilinx_tcf/Digilent/210292A6E9E2A
set_property PROGRAM.FILE {F:/COD/lab1/lab3_c1/lab3_c1/lab3_c1.runs/impl_1/FIB.bit} [get_hw_devices xc7a100t_0]
current_hw_device [get_hw_devices xc7a100t_0]
refresh_hw_device -update_hw_probes false [lindex [get_hw_devices xc7a100t_0] 0]
INFO: [Labtools 27-1434] Device xc7a100t (JTAG device index = 0) is programmed with a design that has no supported debug core(s) in it.
WARNING: [Labtools 27-3361] The debug hub core was not detected.
Resolution: 
1. Make sure the clock connected to the debug hub (dbg_hub) core is a free running clock and is active.
2. Make sure the BSCAN_SWITCH_USER_MASK device property in Vivado Hardware Manager reflects the user scan chain setting in the design and refresh the device.  To determine the user scan chain setting in the design, open the implemented design and use 'get_property C_USER_SCAN_CHAIN [get_debug_cores dbg_hub]'.
For more details on setting the scan chain property, consult the Vivado Debug and Programming User Guide (UG908).
set_property PROBES.FILE {} [get_hw_devices xc7a100t_0]
set_property FULL_PROBES.FILE {} [get_hw_devices xc7a100t_0]
set_property PROGRAM.FILE {F:/COD/lab1/lab3_c1/lab3_c1/lab3_c1.runs/impl_1/FIB.bit} [get_hw_devices xc7a100t_0]
program_hw_devices [get_hw_devices xc7a100t_0]
INFO: [Labtools 27-3164] End of startup status: HIGH
refresh_hw_device [lindex [get_hw_devices xc7a100t_0] 0]
INFO: [Labtools 27-1434] Device xc7a100t (JTAG device index = 0) is programmed with a design that has no supported debug core(s) in it.
WARNING: [Labtools 27-3361] The debug hub core was not detected.
Resolution: 
1. Make sure the clock connected to the debug hub (dbg_hub) core is a free running clock and is active.
2. Make sure the BSCAN_SWITCH_USER_MASK device property in Vivado Hardware Manager reflects the user scan chain setting in the design and refresh the device.  To determine the user scan chain setting in the design, open the implemented design and use 'get_property C_USER_SCAN_CHAIN [get_debug_cores dbg_hub]'.
For more details on setting the scan chain property, consult the Vivado Debug and Programming User Guide (UG908).
launch_simulation
INFO: [Vivado 12-5682] Launching behavioral simulation in 'F:/COD/lab1/lab3_c1/lab3_c1/lab3_c1.sim/sim_1/behav/xsim'
INFO: [SIM-utils-51] Simulation object is 'sim_1'
INFO: [SIM-utils-54] Inspecting design source files for 'FIB_sim' in fileset 'sim_1'...
INFO: [USF-XSim-97] Finding global include files...
INFO: [USF-XSim-98] Fetching design files from 'sim_1'...
INFO: [USF-XSim-2] XSim::Compile design
INFO: [USF-XSim-61] Executing 'COMPILE and ANALYZE' step in 'F:/COD/lab1/lab3_c1/lab3_c1/lab3_c1.sim/sim_1/behav/xsim'
"xvlog --incr --relax -prj FIB_sim_vlog.prj"
INFO: [VRFC 10-2263] Analyzing Verilog file "F:/COD/lab1/lab3_c1/lab3_c1/lab3_c1.srcs/sources_1/new/ALU.v" into library xil_defaultlib
INFO: [VRFC 10-311] analyzing module ALU
INFO: [VRFC 10-2263] Analyzing Verilog file "F:/COD/lab1/lab3_c1/lab3_c1/lab3_c1.srcs/sources_1/new/FIB.v" into library xil_defaultlib
INFO: [VRFC 10-311] analyzing module FIB
INFO: [VRFC 10-2263] Analyzing Verilog file "F:/COD/lab1/lab3_c1/lab3_c1/lab3_c1.srcs/sim_1/new/FIB_SIM.v" into library xil_defaultlib
INFO: [VRFC 10-311] analyzing module FIB_sim
run_program: Time (s): cpu = 00:00:00 ; elapsed = 00:00:05 . Memory (MB): peak = 1526.457 ; gain = 0.000
INFO: [USF-XSim-69] 'compile' step finished in '5' seconds
INFO: [USF-XSim-3] XSim::Elaborate design
INFO: [USF-XSim-61] Executing 'ELABORATE' step in 'F:/COD/lab1/lab3_c1/lab3_c1/lab3_c1.sim/sim_1/behav/xsim'
Vivado Simulator 2018.2
Copyright 1986-1999, 2001-2018 Xilinx, Inc. All Rights Reserved.
Running: D:/Xilinx/Vivado/2018.2/bin/unwrapped/win64.o/xelab.exe -wto 646743745e334a8f8c86e7cfc9869cac --incr --debug typical --relax --mt 2 -L xil_defaultlib -L unisims_ver -L unimacro_ver -L secureip --snapshot FIB_sim_behav xil_defaultlib.FIB_sim xil_defaultlib.glbl -log elaborate.log 
Using 2 slave threads.
WARNING: [XSIM 43-3431] One or more environment variables have been detected which affect the operation of the C compiler. These are typically not set in standard installations and are not tested by Xilinx, however they may be appropriate for your system, so the flow will attempt to continue.  If errors occur, try running xelab with the "-mt off -v 1" switches to see more information from the C compiler. The following environment variables have been detected:
    LIBRARY_PATH
Starting static elaboration
Completed static elaboration
Starting simulation data flow analysis
Completed simulation data flow analysis
Time Resolution for simulation is 1ps
Compiling module xil_defaultlib.ALU
Compiling module xil_defaultlib.FIB
Compiling module xil_defaultlib.FIB_sim
Compiling module xil_defaultlib.glbl
Built simulation snapshot FIB_sim_behav

****** Webtalk v2018.2 (64-bit)
  **** SW Build 2258646 on Thu Jun 14 20:03:12 MDT 2018
  **** IP Build 2256618 on Thu Jun 14 22:10:49 MDT 2018
    ** Copyright 1986-2018 Xilinx, Inc. All Rights Reserved.

source F:/COD/lab1/lab3_c1/lab3_c1/lab3_c1.sim/sim_1/behav/xsim/xsim.dir/FIB_sim_behav/webtalk/xsim_webtalk.tcl -notrace
INFO: [Common 17-206] Exiting Webtalk at Sat Mar 23 11:19:34 2019...
run_program: Time (s): cpu = 00:00:01 ; elapsed = 00:00:09 . Memory (MB): peak = 1528.906 ; gain = 2.449
INFO: [USF-XSim-69] 'elaborate' step finished in '9' seconds
INFO: [USF-XSim-4] XSim::Simulate design
INFO: [USF-XSim-61] Executing 'SIMULATE' step in 'F:/COD/lab1/lab3_c1/lab3_c1/lab3_c1.sim/sim_1/behav/xsim'
INFO: [USF-XSim-98] *** Running xsim
   with args "FIB_sim_behav -key {Behavioral:sim_1:Functional:FIB_sim} -tclbatch {FIB_sim.tcl} -log {simulate.log}"
INFO: [USF-XSim-8] Loading simulator feature
Vivado Simulator 2018.2
Time resolution is 1 ps
source FIB_sim.tcl
# set curr_wave [current_wave_config]
# if { [string length $curr_wave] == 0 } {
#   if { [llength [get_objects]] > 0} {
#     add_wave /
#     set_property needs_save false [current_wave_config]
#   } else {
#      send_msg_id Add_Wave-1 WARNING "No top level signals found. Simulator will start without a wave window. If you want to open a wave window go to 'File->New Waveform Configuration' or type 'create_wave_config' in the TCL console."
#   }
# }
# run 1000ns
INFO: [USF-XSim-96] XSim completed. Design snapshot 'FIB_sim_behav' loaded.
INFO: [USF-XSim-97] XSim simulation ran for 1000ns
launch_simulation: Time (s): cpu = 00:00:07 ; elapsed = 00:00:22 . Memory (MB): peak = 1550.262 ; gain = 23.805
current_wave_config {Untitled 1}
Untitled 1
add_wave {{/FIB_sim/L/fn}} 
restart
INFO: [Simtcl 6-17] Simulation restarted
run all
current_wave_config {Untitled 1}
Untitled 1
add_wave {{/FIB_sim/L/f}} 
restart
INFO: [Simtcl 6-17] Simulation restarted
run all
close_sim
INFO: [Simtcl 6-16] Simulation closed
exit
INFO: [Common 17-206] Exiting Vivado at Sat Mar 23 12:06:39 2019...
