Copyright 1986-2018 Xilinx, Inc. All Rights Reserved.
----------------------------------------------------------------------------------------------------------------------------------
| Tool Version     : Vivado v.2018.2 (win64) Build 2258646 Thu Jun 14 20:03:12 MDT 2018
| Date             : Fri Apr 19 20:00:17 2019
| Host             : MSI running 64-bit major release  (build 9200)
| Command          : report_power -file FIFO_power_routed.rpt -pb FIFO_power_summary_routed.pb -rpx FIFO_power_routed.rpx
| Design           : FIFO
| Device           : xc7a100tcsg324-1
| Design State     : routed
| Grade            : commercial
| Process          : typical
| Characterization : Production
----------------------------------------------------------------------------------------------------------------------------------

Power Report

Table of Contents
-----------------
1. Summary
1.1 On-Chip Components
1.2 Power Supply Summary
1.3 Confidence Level
2. Settings
2.1 Environment
2.2 Clock Constraints
3. Detailed Reports
3.1 By Hierarchy

1. Summary
----------

+--------------------------+--------------+
| Total On-Chip Power (W)  | 0.205        |
| Design Power Budget (W)  | Unspecified* |
| Power Budget Margin (W)  | NA           |
| Dynamic (W)              | 0.107        |
| Device Static (W)        | 0.097        |
| Effective TJA (C/W)      | 4.6          |
| Max Ambient (C)          | 84.1         |
| Junction Temperature (C) | 25.9         |
| Confidence Level         | Low          |
| Setting File             | ---          |
| Simulation Activity File | ---          |
| Design Nets Matched      | NA           |
+--------------------------+--------------+
* Specify Design Power Budget using, set_operating_conditions -design_power_budget <value in Watts>


1.1 On-Chip Components
----------------------

+----------------+-----------+----------+-----------+-----------------+
| On-Chip        | Power (W) | Used     | Available | Utilization (%) |
+----------------+-----------+----------+-----------+-----------------+
| Clocks         |     0.001 |        5 |       --- |             --- |
| Slice Logic    |    <0.001 |      351 |       --- |             --- |
|   LUT as Logic |    <0.001 |      161 |     63400 |            0.25 |
|   CARRY4       |    <0.001 |       13 |     15850 |            0.08 |
|   Register     |    <0.001 |      133 |    126800 |            0.10 |
|   F7/F8 Muxes  |    <0.001 |        5 |     63400 |           <0.01 |
|   Others       |     0.000 |       11 |       --- |             --- |
| Signals        |    <0.001 |      243 |       --- |             --- |
| MMCM           |     0.086 |        1 |         6 |           16.67 |
| I/O            |     0.019 |       30 |       210 |           14.29 |
| Static Power   |     0.097 |          |           |                 |
| Total          |     0.205 |          |           |                 |
+----------------+-----------+----------+-----------+-----------------+


1.2 Power Supply Summary
------------------------

+-----------+-------------+-----------+-------------+------------+
| Source    | Voltage (V) | Total (A) | Dynamic (A) | Static (A) |
+-----------+-------------+-----------+-------------+------------+
| Vccint    |       1.000 |     0.018 |       0.003 |      0.015 |
| Vccaux    |       1.800 |     0.066 |       0.048 |      0.018 |
| Vcco33    |       3.300 |     0.009 |       0.005 |      0.004 |
| Vcco25    |       2.500 |     0.000 |       0.000 |      0.000 |
| Vcco18    |       1.800 |     0.000 |       0.000 |      0.000 |
| Vcco15    |       1.500 |     0.000 |       0.000 |      0.000 |
| Vcco135   |       1.350 |     0.000 |       0.000 |      0.000 |
| Vcco12    |       1.200 |     0.000 |       0.000 |      0.000 |
| Vccaux_io |       1.800 |     0.000 |       0.000 |      0.000 |
| Vccbram   |       1.000 |     0.000 |       0.000 |      0.000 |
| MGTAVcc   |       1.000 |     0.000 |       0.000 |      0.000 |
| MGTAVtt   |       1.200 |     0.000 |       0.000 |      0.000 |
| Vccadc    |       1.800 |     0.020 |       0.000 |      0.020 |
+-----------+-------------+-----------+-------------+------------+


1.3 Confidence Level
--------------------

+-----------------------------+------------+--------------------------------------------------------+------------------------------------------------------------------------------------------------------------+
| User Input Data             | Confidence | Details                                                | Action                                                                                                     |
+-----------------------------+------------+--------------------------------------------------------+------------------------------------------------------------------------------------------------------------+
| Design implementation state | High       | Design is routed                                       |                                                                                                            |
| Clock nodes activity        | High       | User specified more than 95% of clocks                 |                                                                                                            |
| I/O nodes activity          | Low        | More than 75% of inputs are missing user specification | Provide missing input activity with simulation results or by editing the "By Resource Type -> I/Os" view   |
| Internal nodes activity     | Medium     | User specified less than 25% of internal nodes         | Provide missing internal nodes activity with simulation results or by editing the "By Resource Type" views |
| Device models               | High       | Device models are Production                           |                                                                                                            |
|                             |            |                                                        |                                                                                                            |
| Overall confidence level    | Low        |                                                        |                                                                                                            |
+-----------------------------+------------+--------------------------------------------------------+------------------------------------------------------------------------------------------------------------+


2. Settings
-----------

2.1 Environment
---------------

+-----------------------+--------------------------+
| Ambient Temp (C)      | 25.0                     |
| ThetaJA (C/W)         | 4.6                      |
| Airflow (LFM)         | 250                      |
| Heat Sink             | medium (Medium Profile)  |
| ThetaSA (C/W)         | 4.6                      |
| Board Selection       | medium (10"x10")         |
| # of Board Layers     | 12to15 (12 to 15 Layers) |
| Board Temperature (C) | 25.0                     |
+-----------------------+--------------------------+


2.2 Clock Constraints
---------------------

+-------------------------------------+------------------------------------------------+-----------------+
| Clock                               | Domain                                         | Constraint (ns) |
+-------------------------------------+------------------------------------------------+-----------------+
| SCU_DUT/divider_DUT/d1/inst/clk_in1 | clk_IBUF_BUFG                                  |            10.0 |
| clk_out1_clk_wiz_0                  | SCU_DUT/divider_DUT/d1/inst/clk_out1_clk_wiz_0 |           200.0 |
| clkfbout_clk_wiz_0                  | SCU_DUT/divider_DUT/d1/inst/clkfbout_clk_wiz_0 |            50.0 |
+-------------------------------------+------------------------------------------------+-----------------+


3. Detailed Reports
-------------------

3.1 By Hierarchy
----------------

+---------------------+-----------+
| Name                | Power (W) |
+---------------------+-----------+
| FIFO                |     0.107 |
|   LCU_RF_DUT        |     0.001 |
|     DUT_LCU         |    <0.001 |
|     RF_DUT          |    <0.001 |
|   SCU_DUT           |     0.086 |
|     counter_DUT     |    <0.001 |
|     divider_DUT     |     0.086 |
|       d1            |     0.086 |
|         inst        |     0.086 |
|   debouncer_in_DUT  |    <0.001 |
|   debouncer_out_DUT |    <0.001 |
+---------------------+-----------+


